[2020-07-21 13:24:20,087] I slot.py | Kiwoom-receiveLoginSlot-0042 I DEBUG    > 로그인 처리결과 ('OP_ERR_NONE', '정상처리')
[2020-07-21 13:24:20,089] I tr.py | Kiwoom-receiveAccountNum-0035 I DEBUG    > 계좌번호: 8138832611
[2020-07-21 13:24:21,274] I slot.py | Kiwoom-receiveMsgSlot-0065 I DEBUG    > 스크린: 1000, 요청이름: 예수금상세현황요청, tr코드: opw00001 --- [00Z310] 모의투자 조회가 완료되었습니다
[2020-07-21 13:24:21,275] I tr.py | Kiwoom-receiveDeposit-0045 I DEBUG    > 예수금 8059384
[2020-07-21 13:24:21,354] I slot.py | Kiwoom-receiveMsgSlot-0065 I DEBUG    > 스크린: 1000, 요청이름: 예수금상세현황요청, tr코드: opw00001 --- [00Z310] 모의투자 조회가 완료되었습니다
[2020-07-21 13:24:21,356] I tr.py | Kiwoom-receiveDeposit-0045 I DEBUG    > 예수금 8059384
[2020-07-21 13:24:21,713] I slot.py | Kiwoom-receiveMsgSlot-0065 I DEBUG    > 스크린: 1000, 요청이름: 계좌평가잔고내역요청, tr코드: opw00018 --- [00Z310] 모의투자 조회가 완료되었습니다
[2020-07-21 13:24:21,714] I tr.py | Kiwoom-receiveTotalBuyMoney-0055 I DEBUG    > 총매입금액: 0
[2020-07-21 13:24:21,714] I tr.py | Kiwoom-receiveTotalProfitLossMoney-0067 I DEBUG    > 총평가손익금액: 0
[2020-07-21 13:24:21,714] I tr.py | Kiwoom-receiveTotalProfitLossRate-0077 I DEBUG    > 총수익률: 0.0
[2020-07-21 13:24:22,717] I tr.py | Kiwoom-requestNotConcludedAccount-0227 I DEBUG    > 미체결 종목 요청
[2020-07-21 13:24:22,751] I slot.py | Kiwoom-receiveMsgSlot-0065 I DEBUG    > 스크린: , 요청이름: , tr코드:  ---  조회가 완료되었습니다.
[2020-07-21 13:24:22,927] I tr.py | Kiwoom-receiveConditionNameList-0157 I DEBUG    > 호출 성공 여부 1, 호출결과 메시지 [OK] 사용자 조건검색식 읽기
[2020-07-21 13:24:22,931] I tr.py | Kiwoom-receiveConditionNameList-0159 I DEBUG    > HTS의 조건검색식 이름 가져오기 000^단타급등주;001^이평선돌파급등주;002^눌림목돌파;003^거래량상위볼리저상향선하향돌파;004^거래량상위볼린저하한선상향;005^거래량급등주;
[2020-07-21 13:24:22,931] I condition.py | Kiwoom-conditionNameListToConditionDataFrame-0017 I DEBUG    > 조건식 분리 번호: 0, 이름: 단타급등주
[2020-07-21 13:24:22,933] I condition.py | Kiwoom-conditionNameListToConditionDataFrame-0017 I DEBUG    > 조건식 분리 번호: 1, 이름: 이평선돌파급등주
[2020-07-21 13:24:22,935] I condition.py | Kiwoom-conditionNameListToConditionDataFrame-0017 I DEBUG    > 조건식 분리 번호: 2, 이름: 눌림목돌파
[2020-07-21 13:24:22,937] I condition.py | Kiwoom-conditionNameListToConditionDataFrame-0017 I DEBUG    > 조건식 분리 번호: 3, 이름: 거래량상위볼리저상향선하향돌파
[2020-07-21 13:24:22,938] I condition.py | Kiwoom-conditionNameListToConditionDataFrame-0017 I DEBUG    > 조건식 분리 번호: 4, 이름: 거래량상위볼린저하한선상향
[2020-07-21 13:24:22,940] I condition.py | Kiwoom-conditionNameListToConditionDataFrame-0017 I DEBUG    > 조건식 분리 번호: 5, 이름: 거래량급등주
[2020-07-21 13:25:14,892] I slot.py | Kiwoom-receiveLoginSlot-0042 I DEBUG    > 로그인 처리결과 ('OP_ERR_NONE', '정상처리')
[2020-07-21 13:25:14,894] I tr.py | Kiwoom-receiveAccountNum-0035 I DEBUG    > 계좌번호: 8138832611
[2020-07-21 13:25:15,907] I slot.py | Kiwoom-receiveMsgSlot-0065 I DEBUG    > 스크린: 1000, 요청이름: 예수금상세현황요청, tr코드: opw00001 --- [00Z310] 모의투자 조회가 완료되었습니다
[2020-07-21 13:25:15,908] I tr.py | Kiwoom-receiveDeposit-0045 I DEBUG    > 예수금 8059384
[2020-07-21 13:25:16,037] I slot.py | Kiwoom-receiveMsgSlot-0065 I DEBUG    > 스크린: 1000, 요청이름: 예수금상세현황요청, tr코드: opw00001 --- [00Z310] 모의투자 조회가 완료되었습니다
[2020-07-21 13:25:16,038] I tr.py | Kiwoom-receiveDeposit-0045 I DEBUG    > 예수금 8059384
[2020-07-21 13:25:17,414] I slot.py | Kiwoom-receiveMsgSlot-0065 I DEBUG    > 스크린: 1000, 요청이름: 계좌평가잔고내역요청, tr코드: opw00018 --- [00Z310] 모의투자 조회가 완료되었습니다
[2020-07-21 13:25:17,415] I tr.py | Kiwoom-receiveTotalBuyMoney-0055 I DEBUG    > 총매입금액: 0
[2020-07-21 13:25:17,416] I tr.py | Kiwoom-receiveTotalProfitLossMoney-0067 I DEBUG    > 총평가손익금액: 0
[2020-07-21 13:25:17,416] I tr.py | Kiwoom-receiveTotalProfitLossRate-0077 I DEBUG    > 총수익률: 0.0
[2020-07-21 13:25:18,419] I tr.py | Kiwoom-requestNotConcludedAccount-0227 I DEBUG    > 미체결 종목 요청
[2020-07-21 13:25:18,444] I slot.py | Kiwoom-receiveMsgSlot-0065 I DEBUG    > 스크린: , 요청이름: , tr코드:  ---  조회가 완료되었습니다.
[2020-07-21 13:25:18,599] I tr.py | Kiwoom-receiveConditionNameList-0157 I DEBUG    > 호출 성공 여부 1, 호출결과 메시지 [OK] 사용자 조건검색식 읽기
[2020-07-21 13:25:18,604] I tr.py | Kiwoom-receiveConditionNameList-0159 I DEBUG    > HTS의 조건검색식 이름 가져오기 000^단타급등주;001^이평선돌파급등주;002^눌림목돌파;003^거래량상위볼리저상향선하향돌파;004^거래량상위볼린저하한선상향;005^거래량급등주;
[2020-07-21 13:25:18,605] I condition.py | Kiwoom-conditionNameListToConditionDataFrame-0017 I DEBUG    > 조건식 분리 번호: 0, 이름: 단타급등주
[2020-07-21 13:25:18,608] I condition.py | Kiwoom-conditionNameListToConditionDataFrame-0017 I DEBUG    > 조건식 분리 번호: 1, 이름: 이평선돌파급등주
[2020-07-21 13:25:18,610] I condition.py | Kiwoom-conditionNameListToConditionDataFrame-0017 I DEBUG    > 조건식 분리 번호: 2, 이름: 눌림목돌파
[2020-07-21 13:25:18,614] I condition.py | Kiwoom-conditionNameListToConditionDataFrame-0017 I DEBUG    > 조건식 분리 번호: 3, 이름: 거래량상위볼리저상향선하향돌파
[2020-07-21 13:25:18,616] I condition.py | Kiwoom-conditionNameListToConditionDataFrame-0017 I DEBUG    > 조건식 분리 번호: 4, 이름: 거래량상위볼린저하한선상향
[2020-07-21 13:25:18,617] I condition.py | Kiwoom-conditionNameListToConditionDataFrame-0017 I DEBUG    > 조건식 분리 번호: 5, 이름: 거래량급등주
[2020-07-21 13:27:52,482] I slot.py | Kiwoom-receiveLoginSlot-0042 I DEBUG    > 로그인 처리결과 ('OP_ERR_NONE', '정상처리')
[2020-07-21 13:27:52,484] I tr.py | Kiwoom-receiveAccountNum-0035 I DEBUG    > 계좌번호: 8138832611
[2020-07-21 13:27:52,827] I slot.py | Kiwoom-receiveMsgSlot-0065 I DEBUG    > 스크린: 1000, 요청이름: 예수금상세현황요청, tr코드: opw00001 --- [00Z310] 모의투자 조회가 완료되었습니다
[2020-07-21 13:27:52,829] I tr.py | Kiwoom-receiveDeposit-0045 I DEBUG    > 예수금 8059384
[2020-07-21 13:27:52,908] I slot.py | Kiwoom-receiveMsgSlot-0065 I DEBUG    > 스크린: 1000, 요청이름: 예수금상세현황요청, tr코드: opw00001 --- [00Z310] 모의투자 조회가 완료되었습니다
[2020-07-21 13:27:52,909] I tr.py | Kiwoom-receiveDeposit-0045 I DEBUG    > 예수금 8059384
[2020-07-21 13:27:53,895] I slot.py | Kiwoom-receiveMsgSlot-0065 I DEBUG    > 스크린: 1000, 요청이름: 계좌평가잔고내역요청, tr코드: opw00018 --- [00Z310] 모의투자 조회가 완료되었습니다
[2020-07-21 13:27:53,896] I tr.py | Kiwoom-receiveTotalBuyMoney-0055 I DEBUG    > 총매입금액: 0
[2020-07-21 13:27:53,896] I tr.py | Kiwoom-receiveTotalProfitLossMoney-0067 I DEBUG    > 총평가손익금액: 0
[2020-07-21 13:27:53,897] I tr.py | Kiwoom-receiveTotalProfitLossRate-0077 I DEBUG    > 총수익률: 0.0
[2020-07-21 13:27:54,899] I tr.py | Kiwoom-requestNotConcludedAccount-0227 I DEBUG    > 미체결 종목 요청
[2020-07-21 13:27:54,923] I slot.py | Kiwoom-receiveMsgSlot-0065 I DEBUG    > 스크린: , 요청이름: , tr코드:  ---  조회가 완료되었습니다.
[2020-07-21 13:27:55,086] I tr.py | Kiwoom-receiveConditionNameList-0157 I DEBUG    > 호출 성공 여부 1, 호출결과 메시지 [OK] 사용자 조건검색식 읽기
[2020-07-21 13:27:55,090] I tr.py | Kiwoom-receiveConditionNameList-0159 I DEBUG    > HTS의 조건검색식 이름 가져오기 000^단타급등주;001^이평선돌파급등주;002^눌림목돌파;003^거래량상위볼리저상향선하향돌파;004^거래량상위볼린저하한선상향;005^거래량급등주;
[2020-07-21 13:27:55,090] I condition.py | Kiwoom-conditionNameListToConditionDataFrame-0017 I DEBUG    > 조건식 분리 번호: 0, 이름: 단타급등주
[2020-07-21 13:27:55,092] I condition.py | Kiwoom-conditionNameListToConditionDataFrame-0017 I DEBUG    > 조건식 분리 번호: 1, 이름: 이평선돌파급등주
[2020-07-21 13:27:55,094] I condition.py | Kiwoom-conditionNameListToConditionDataFrame-0017 I DEBUG    > 조건식 분리 번호: 2, 이름: 눌림목돌파
[2020-07-21 13:27:55,095] I condition.py | Kiwoom-conditionNameListToConditionDataFrame-0017 I DEBUG    > 조건식 분리 번호: 3, 이름: 거래량상위볼리저상향선하향돌파
[2020-07-21 13:27:55,097] I condition.py | Kiwoom-conditionNameListToConditionDataFrame-0017 I DEBUG    > 조건식 분리 번호: 4, 이름: 거래량상위볼린저하한선상향
[2020-07-21 13:27:55,098] I condition.py | Kiwoom-conditionNameListToConditionDataFrame-0017 I DEBUG    > 조건식 분리 번호: 5, 이름: 거래량급등주
[2020-07-21 13:31:00,690] I slot.py | Kiwoom-receiveLoginSlot-0042 I DEBUG    > 로그인 처리결과 ('OP_ERR_NONE', '정상처리')
[2020-07-21 13:31:00,696] I tr.py | Kiwoom-receiveAccountNum-0035 I DEBUG    > 계좌번호: 8138832611
[2020-07-21 13:31:00,761] I slot.py | Kiwoom-receiveMsgSlot-0065 I DEBUG    > 스크린: 1000, 요청이름: 예수금상세현황요청, tr코드: opw00001 --- [00Z310] 모의투자 조회가 완료되었습니다
[2020-07-21 13:31:00,763] I tr.py | Kiwoom-receiveDeposit-0045 I DEBUG    > 예수금 8059384
[2020-07-21 13:31:00,890] I slot.py | Kiwoom-receiveMsgSlot-0065 I DEBUG    > 스크린: 1000, 요청이름: 예수금상세현황요청, tr코드: opw00001 --- [00Z310] 모의투자 조회가 완료되었습니다
[2020-07-21 13:31:00,891] I tr.py | Kiwoom-receiveDeposit-0045 I DEBUG    > 예수금 8059384
[2020-07-21 13:31:02,771] I slot.py | Kiwoom-receiveMsgSlot-0065 I DEBUG    > 스크린: 1000, 요청이름: 계좌평가잔고내역요청, tr코드: opw00018 --- [00Z310] 모의투자 조회가 완료되었습니다
[2020-07-21 13:31:02,772] I tr.py | Kiwoom-receiveTotalBuyMoney-0055 I DEBUG    > 총매입금액: 0
[2020-07-21 13:31:02,773] I tr.py | Kiwoom-receiveTotalProfitLossMoney-0067 I DEBUG    > 총평가손익금액: 0
[2020-07-21 13:31:02,773] I tr.py | Kiwoom-receiveTotalProfitLossRate-0077 I DEBUG    > 총수익률: 0.0
[2020-07-21 13:31:03,774] I tr.py | Kiwoom-requestNotConcludedAccount-0227 I DEBUG    > 미체결 종목 요청
[2020-07-21 13:31:03,800] I slot.py | Kiwoom-receiveMsgSlot-0065 I DEBUG    > 스크린: , 요청이름: , tr코드:  ---  조회가 완료되었습니다.
[2020-07-21 13:31:03,972] I tr.py | Kiwoom-receiveConditionNameList-0157 I DEBUG    > 호출 성공 여부 1, 호출결과 메시지 [OK] 사용자 조건검색식 읽기
[2020-07-21 13:31:03,975] I tr.py | Kiwoom-receiveConditionNameList-0159 I DEBUG    > HTS의 조건검색식 이름 가져오기 000^단타급등주;001^이평선돌파급등주;002^눌림목돌파;003^거래량상위볼리저상향선하향돌파;004^거래량상위볼린저하한선상향;005^거래량급등주;
[2020-07-21 13:31:03,977] I condition.py | Kiwoom-conditionNameListToConditionDataFrame-0017 I DEBUG    > 조건식 분리 번호: 0, 이름: 단타급등주
[2020-07-21 13:31:03,982] I condition.py | Kiwoom-conditionNameListToConditionDataFrame-0017 I DEBUG    > 조건식 분리 번호: 1, 이름: 이평선돌파급등주
[2020-07-21 13:31:03,987] I condition.py | Kiwoom-conditionNameListToConditionDataFrame-0017 I DEBUG    > 조건식 분리 번호: 2, 이름: 눌림목돌파
[2020-07-21 13:31:03,992] I condition.py | Kiwoom-conditionNameListToConditionDataFrame-0017 I DEBUG    > 조건식 분리 번호: 3, 이름: 거래량상위볼리저상향선하향돌파
[2020-07-21 13:31:03,999] I condition.py | Kiwoom-conditionNameListToConditionDataFrame-0017 I DEBUG    > 조건식 분리 번호: 4, 이름: 거래량상위볼린저하한선상향
[2020-07-21 13:31:04,005] I condition.py | Kiwoom-conditionNameListToConditionDataFrame-0017 I DEBUG    > 조건식 분리 번호: 5, 이름: 거래량급등주
[2020-07-21 13:31:42,712] I slot.py | Kiwoom-receiveLoginSlot-0042 I DEBUG    > 로그인 처리결과 ('OP_ERR_NONE', '정상처리')
[2020-07-21 13:31:42,715] I tr.py | Kiwoom-receiveAccountNum-0035 I DEBUG    > 계좌번호: 8138832611
[2020-07-21 13:31:42,904] I slot.py | Kiwoom-receiveMsgSlot-0065 I DEBUG    > 스크린: 1000, 요청이름: 예수금상세현황요청, tr코드: opw00001 --- [00Z310] 모의투자 조회가 완료되었습니다
[2020-07-21 13:31:42,905] I tr.py | Kiwoom-receiveDeposit-0045 I DEBUG    > 예수금 8059384
[2020-07-21 13:31:43,083] I slot.py | Kiwoom-receiveMsgSlot-0065 I DEBUG    > 스크린: 1000, 요청이름: 예수금상세현황요청, tr코드: opw00001 --- [00Z310] 모의투자 조회가 완료되었습니다
[2020-07-21 13:31:43,085] I tr.py | Kiwoom-receiveDeposit-0045 I DEBUG    > 예수금 8059384
[2020-07-21 13:31:44,101] I slot.py | Kiwoom-receiveMsgSlot-0065 I DEBUG    > 스크린: 1000, 요청이름: 계좌평가잔고내역요청, tr코드: opw00018 --- [00Z310] 모의투자 조회가 완료되었습니다
[2020-07-21 13:31:44,103] I tr.py | Kiwoom-receiveTotalBuyMoney-0055 I DEBUG    > 총매입금액: 0
[2020-07-21 13:31:44,103] I tr.py | Kiwoom-receiveTotalProfitLossMoney-0067 I DEBUG    > 총평가손익금액: 0
[2020-07-21 13:31:44,103] I tr.py | Kiwoom-receiveTotalProfitLossRate-0077 I DEBUG    > 총수익률: 0.0
[2020-07-21 13:31:45,107] I tr.py | Kiwoom-requestNotConcludedAccount-0227 I DEBUG    > 미체결 종목 요청
[2020-07-21 13:31:45,134] I slot.py | Kiwoom-receiveMsgSlot-0065 I DEBUG    > 스크린: , 요청이름: , tr코드:  ---  조회가 완료되었습니다.
[2020-07-21 13:31:45,296] I tr.py | Kiwoom-receiveConditionNameList-0157 I DEBUG    > 호출 성공 여부 1, 호출결과 메시지 [OK] 사용자 조건검색식 읽기
[2020-07-21 13:31:45,300] I tr.py | Kiwoom-receiveConditionNameList-0159 I DEBUG    > HTS의 조건검색식 이름 가져오기 000^단타급등주;001^이평선돌파급등주;002^눌림목돌파;003^거래량상위볼리저상향선하향돌파;004^거래량상위볼린저하한선상향;005^거래량급등주;
[2020-07-21 13:31:45,300] I condition.py | Kiwoom-conditionNameListToConditionDataFrame-0017 I DEBUG    > 조건식 분리 번호: 0, 이름: 단타급등주
[2020-07-21 13:31:45,304] I condition.py | Kiwoom-conditionNameListToConditionDataFrame-0017 I DEBUG    > 조건식 분리 번호: 1, 이름: 이평선돌파급등주
[2020-07-21 13:31:45,308] I condition.py | Kiwoom-conditionNameListToConditionDataFrame-0017 I DEBUG    > 조건식 분리 번호: 2, 이름: 눌림목돌파
[2020-07-21 13:31:45,312] I condition.py | Kiwoom-conditionNameListToConditionDataFrame-0017 I DEBUG    > 조건식 분리 번호: 3, 이름: 거래량상위볼리저상향선하향돌파
[2020-07-21 13:31:45,316] I condition.py | Kiwoom-conditionNameListToConditionDataFrame-0017 I DEBUG    > 조건식 분리 번호: 4, 이름: 거래량상위볼린저하한선상향
[2020-07-21 13:31:45,320] I condition.py | Kiwoom-conditionNameListToConditionDataFrame-0017 I DEBUG    > 조건식 분리 번호: 5, 이름: 거래량급등주
[2020-07-21 13:32:12,611] I slot.py | Kiwoom-receiveLoginSlot-0042 I DEBUG    > 로그인 처리결과 ('OP_ERR_NONE', '정상처리')
[2020-07-21 13:32:12,613] I tr.py | Kiwoom-receiveAccountNum-0035 I DEBUG    > 계좌번호: 8138832611
[2020-07-21 13:32:12,662] I slot.py | Kiwoom-receiveMsgSlot-0065 I DEBUG    > 스크린: 1000, 요청이름: 예수금상세현황요청, tr코드: opw00001 --- [00Z310] 모의투자 조회가 완료되었습니다
[2020-07-21 13:32:12,663] I tr.py | Kiwoom-receiveDeposit-0045 I DEBUG    > 예수금 8059384
[2020-07-21 13:32:12,754] I slot.py | Kiwoom-receiveMsgSlot-0065 I DEBUG    > 스크린: 1000, 요청이름: 예수금상세현황요청, tr코드: opw00001 --- [00Z310] 모의투자 조회가 완료되었습니다
[2020-07-21 13:32:12,755] I tr.py | Kiwoom-receiveDeposit-0045 I DEBUG    > 예수금 8059384
[2020-07-21 13:32:13,718] I slot.py | Kiwoom-receiveMsgSlot-0065 I DEBUG    > 스크린: 1000, 요청이름: 계좌평가잔고내역요청, tr코드: opw00018 --- [00Z310] 모의투자 조회가 완료되었습니다
[2020-07-21 13:32:13,719] I tr.py | Kiwoom-receiveTotalBuyMoney-0055 I DEBUG    > 총매입금액: 0
[2020-07-21 13:32:13,719] I tr.py | Kiwoom-receiveTotalProfitLossMoney-0067 I DEBUG    > 총평가손익금액: 0
[2020-07-21 13:32:13,719] I tr.py | Kiwoom-receiveTotalProfitLossRate-0077 I DEBUG    > 총수익률: 0.0
[2020-07-21 13:32:14,720] I tr.py | Kiwoom-requestNotConcludedAccount-0227 I DEBUG    > 미체결 종목 요청
[2020-07-21 13:32:14,741] I slot.py | Kiwoom-receiveMsgSlot-0065 I DEBUG    > 스크린: , 요청이름: , tr코드:  ---  조회가 완료되었습니다.
[2020-07-21 13:32:14,898] I tr.py | Kiwoom-receiveConditionNameList-0157 I DEBUG    > 호출 성공 여부 1, 호출결과 메시지 [OK] 사용자 조건검색식 읽기
[2020-07-21 13:32:14,902] I tr.py | Kiwoom-receiveConditionNameList-0159 I DEBUG    > HTS의 조건검색식 이름 가져오기 000^단타급등주;001^이평선돌파급등주;002^눌림목돌파;003^거래량상위볼리저상향선하향돌파;004^거래량상위볼린저하한선상향;005^거래량급등주;
[2020-07-21 13:32:14,902] I condition.py | Kiwoom-conditionNameListToConditionDataFrame-0017 I DEBUG    > 조건식 분리 번호: 0, 이름: 단타급등주
[2020-07-21 13:32:14,904] I condition.py | Kiwoom-conditionNameListToConditionDataFrame-0017 I DEBUG    > 조건식 분리 번호: 1, 이름: 이평선돌파급등주
[2020-07-21 13:32:14,906] I condition.py | Kiwoom-conditionNameListToConditionDataFrame-0017 I DEBUG    > 조건식 분리 번호: 2, 이름: 눌림목돌파
[2020-07-21 13:32:14,907] I condition.py | Kiwoom-conditionNameListToConditionDataFrame-0017 I DEBUG    > 조건식 분리 번호: 3, 이름: 거래량상위볼리저상향선하향돌파
[2020-07-21 13:32:14,909] I condition.py | Kiwoom-conditionNameListToConditionDataFrame-0017 I DEBUG    > 조건식 분리 번호: 4, 이름: 거래량상위볼린저하한선상향
[2020-07-21 13:32:14,910] I condition.py | Kiwoom-conditionNameListToConditionDataFrame-0017 I DEBUG    > 조건식 분리 번호: 5, 이름: 거래량급등주
[2020-07-21 13:34:57,591] I slot.py | Kiwoom-receiveLoginSlot-0042 I DEBUG    > 로그인 처리결과 ('OP_ERR_NONE', '정상처리')
[2020-07-21 13:34:57,592] I tr.py | Kiwoom-receiveAccountNum-0035 I DEBUG    > 계좌번호: 8138832611
[2020-07-21 13:34:57,642] I slot.py | Kiwoom-receiveMsgSlot-0065 I DEBUG    > 스크린: 1000, 요청이름: 예수금상세현황요청, tr코드: opw00001 --- [00Z310] 모의투자 조회가 완료되었습니다
[2020-07-21 13:34:57,644] I tr.py | Kiwoom-receiveDeposit-0045 I DEBUG    > 예수금 8059384
[2020-07-21 13:34:57,724] I slot.py | Kiwoom-receiveMsgSlot-0065 I DEBUG    > 스크린: 1000, 요청이름: 예수금상세현황요청, tr코드: opw00001 --- [00Z310] 모의투자 조회가 완료되었습니다
[2020-07-21 13:34:57,725] I tr.py | Kiwoom-receiveDeposit-0045 I DEBUG    > 예수금 8059384
[2020-07-21 13:34:58,430] I slot.py | Kiwoom-receiveMsgSlot-0065 I DEBUG    > 스크린: 1000, 요청이름: 계좌평가잔고내역요청, tr코드: opw00018 --- [00Z310] 모의투자 조회가 완료되었습니다
[2020-07-21 13:34:58,431] I tr.py | Kiwoom-receiveTotalBuyMoney-0055 I DEBUG    > 총매입금액: 0
[2020-07-21 13:34:58,431] I tr.py | Kiwoom-receiveTotalProfitLossMoney-0067 I DEBUG    > 총평가손익금액: 0
[2020-07-21 13:34:58,431] I tr.py | Kiwoom-receiveTotalProfitLossRate-0077 I DEBUG    > 총수익률: 0.0
[2020-07-21 13:34:59,432] I tr.py | Kiwoom-requestNotConcludedAccount-0227 I DEBUG    > 미체결 종목 요청
[2020-07-21 13:34:59,455] I slot.py | Kiwoom-receiveMsgSlot-0065 I DEBUG    > 스크린: , 요청이름: , tr코드:  ---  조회가 완료되었습니다.
[2020-07-21 13:34:59,617] I tr.py | Kiwoom-receiveConditionNameList-0157 I DEBUG    > 호출 성공 여부 1, 호출결과 메시지 [OK] 사용자 조건검색식 읽기
[2020-07-21 13:34:59,621] I tr.py | Kiwoom-receiveConditionNameList-0159 I DEBUG    > HTS의 조건검색식 이름 가져오기 000^단타급등주;001^이평선돌파급등주;002^눌림목돌파;003^거래량상위볼리저상향선하향돌파;004^거래량상위볼린저하한선상향;005^거래량급등주;
[2020-07-21 13:34:59,621] I condition.py | Kiwoom-conditionNameListToConditionDataFrame-0017 I DEBUG    > 조건식 분리 번호: 0, 이름: 단타급등주
[2020-07-21 13:34:59,623] I condition.py | Kiwoom-conditionNameListToConditionDataFrame-0017 I DEBUG    > 조건식 분리 번호: 1, 이름: 이평선돌파급등주
[2020-07-21 13:34:59,625] I condition.py | Kiwoom-conditionNameListToConditionDataFrame-0017 I DEBUG    > 조건식 분리 번호: 2, 이름: 눌림목돌파
[2020-07-21 13:34:59,626] I condition.py | Kiwoom-conditionNameListToConditionDataFrame-0017 I DEBUG    > 조건식 분리 번호: 3, 이름: 거래량상위볼리저상향선하향돌파
[2020-07-21 13:34:59,628] I condition.py | Kiwoom-conditionNameListToConditionDataFrame-0017 I DEBUG    > 조건식 분리 번호: 4, 이름: 거래량상위볼린저하한선상향
[2020-07-21 13:34:59,629] I condition.py | Kiwoom-conditionNameListToConditionDataFrame-0017 I DEBUG    > 조건식 분리 번호: 5, 이름: 거래량급등주
[2020-07-21 13:34:59,666] I real.py | Kiwoom-requestRealCondition-0276 I DEBUG    > 조회 성공여부 1 
[2020-07-21 13:34:59,707] I tr.py | Kiwoom-receiveConditionStockTr-0165 I DEBUG    > 화면번호: 0156, 종목코드 리스트: 002720;002780;005160;005360;010140;034940;042670;042700;100130;284620;, 조건식 이름: 단타급등주, 조건식 인덱스: 0, 연속조회: 0
[2020-07-21 13:34:59,708] I tr.py | Kiwoom-receiveConditionStockTr-0168 I DEBUG    > 코드 종목 
 ['002720', '002780', '005160', '005360', '010140', '034940', '042670', '042700', '100130', '284620']
[2020-07-21 13:36:09,966] I slot.py | Kiwoom-receiveLoginSlot-0042 I DEBUG    > 로그인 처리결과 ('OP_ERR_NONE', '정상처리')
[2020-07-21 13:36:09,967] I tr.py | Kiwoom-receiveAccountNum-0035 I DEBUG    > 계좌번호: 8138832611
[2020-07-21 13:36:10,012] I slot.py | Kiwoom-receiveMsgSlot-0065 I DEBUG    > 스크린: 1000, 요청이름: 예수금상세현황요청, tr코드: opw00001 --- [00Z310] 모의투자 조회가 완료되었습니다
[2020-07-21 13:36:10,013] I tr.py | Kiwoom-receiveDeposit-0045 I DEBUG    > 예수금 8059384
[2020-07-21 13:36:10,125] I slot.py | Kiwoom-receiveMsgSlot-0065 I DEBUG    > 스크린: 1000, 요청이름: 예수금상세현황요청, tr코드: opw00001 --- [00Z310] 모의투자 조회가 완료되었습니다
[2020-07-21 13:36:10,126] I tr.py | Kiwoom-receiveDeposit-0045 I DEBUG    > 예수금 8059384
[2020-07-21 13:36:10,868] I slot.py | Kiwoom-receiveMsgSlot-0065 I DEBUG    > 스크린: 1000, 요청이름: 계좌평가잔고내역요청, tr코드: opw00018 --- [00Z310] 모의투자 조회가 완료되었습니다
[2020-07-21 13:36:10,869] I tr.py | Kiwoom-receiveTotalBuyMoney-0055 I DEBUG    > 총매입금액: 0
[2020-07-21 13:36:10,870] I tr.py | Kiwoom-receiveTotalProfitLossMoney-0067 I DEBUG    > 총평가손익금액: 0
[2020-07-21 13:36:10,870] I tr.py | Kiwoom-receiveTotalProfitLossRate-0077 I DEBUG    > 총수익률: 0.0
[2020-07-21 13:36:11,871] I tr.py | Kiwoom-requestNotConcludedAccount-0227 I DEBUG    > 미체결 종목 요청
[2020-07-21 13:36:11,893] I slot.py | Kiwoom-receiveMsgSlot-0065 I DEBUG    > 스크린: , 요청이름: , tr코드:  ---  조회가 완료되었습니다.
[2020-07-21 13:36:12,079] I tr.py | Kiwoom-receiveConditionNameList-0157 I DEBUG    > 호출 성공 여부 1, 호출결과 메시지 [OK] 사용자 조건검색식 읽기
[2020-07-21 13:36:12,084] I tr.py | Kiwoom-receiveConditionNameList-0159 I DEBUG    > HTS의 조건검색식 이름 가져오기 000^단타급등주;001^이평선돌파급등주;002^눌림목돌파;003^거래량상위볼리저상향선하향돌파;004^거래량상위볼린저하한선상향;005^거래량급등주;
[2020-07-21 13:36:12,085] I condition.py | Kiwoom-conditionNameListToConditionDataFrame-0017 I DEBUG    > 조건식 분리 번호: 0, 이름: 단타급등주
[2020-07-21 13:36:12,087] I condition.py | Kiwoom-conditionNameListToConditionDataFrame-0017 I DEBUG    > 조건식 분리 번호: 1, 이름: 이평선돌파급등주
[2020-07-21 13:36:12,088] I condition.py | Kiwoom-conditionNameListToConditionDataFrame-0017 I DEBUG    > 조건식 분리 번호: 2, 이름: 눌림목돌파
[2020-07-21 13:36:12,090] I condition.py | Kiwoom-conditionNameListToConditionDataFrame-0017 I DEBUG    > 조건식 분리 번호: 3, 이름: 거래량상위볼리저상향선하향돌파
[2020-07-21 13:36:12,092] I condition.py | Kiwoom-conditionNameListToConditionDataFrame-0017 I DEBUG    > 조건식 분리 번호: 4, 이름: 거래량상위볼린저하한선상향
[2020-07-21 13:36:12,094] I condition.py | Kiwoom-conditionNameListToConditionDataFrame-0017 I DEBUG    > 조건식 분리 번호: 5, 이름: 거래량급등주
[2020-07-21 13:36:12,128] I real.py | Kiwoom-requestRealCondition-0276 I DEBUG    > 조회 성공여부 1 
[2020-07-21 13:36:12,167] I tr.py | Kiwoom-receiveConditionStockTr-0165 I DEBUG    > 화면번호: 0156, 종목코드 리스트: 002720;002780;005160;010140;034940;042670;042700;100130;284620;, 조건식 이름: 단타급등주, 조건식 인덱스: 0, 연속조회: 0
[2020-07-21 13:36:12,167] I tr.py | Kiwoom-receiveConditionStockTr-0168 I DEBUG    > 코드 종목 
 ['002720', '002780', '005160', '010140', '034940', '042670', '042700', '100130', '284620']
[2020-07-21 13:38:36,352] I real.py | Kiwoom-receiveConditionRealStock-0242 I DEBUG    > 종목코드: 007370, 이벤트종류: I, 조건식이름: 단타급등주, 조건명인덱스: 0
[2020-07-21 13:38:36,352] I real.py | Kiwoom-receiveConditionRealStock-0245 I DEBUG    > 종목코드: 007370, 종목편입: I
[2020-07-21 13:42:12,286] I slot.py | Kiwoom-receiveLoginSlot-0042 I DEBUG    > 로그인 처리결과 ('OP_ERR_NONE', '정상처리')
[2020-07-21 13:42:12,288] I tr.py | Kiwoom-receiveAccountNum-0035 I DEBUG    > 계좌번호: 8138832611
[2020-07-21 13:42:12,339] I slot.py | Kiwoom-receiveMsgSlot-0065 I DEBUG    > 스크린: 1000, 요청이름: 예수금상세현황요청, tr코드: opw00001 --- [00Z310] 모의투자 조회가 완료되었습니다
[2020-07-21 13:42:12,341] I tr.py | Kiwoom-receiveDeposit-0045 I DEBUG    > 예수금 8059384
[2020-07-21 13:42:12,421] I slot.py | Kiwoom-receiveMsgSlot-0065 I DEBUG    > 스크린: 1000, 요청이름: 예수금상세현황요청, tr코드: opw00001 --- [00Z310] 모의투자 조회가 완료되었습니다
[2020-07-21 13:42:12,422] I tr.py | Kiwoom-receiveDeposit-0045 I DEBUG    > 예수금 8059384
[2020-07-21 13:42:13,132] I slot.py | Kiwoom-receiveMsgSlot-0065 I DEBUG    > 스크린: 1000, 요청이름: 계좌평가잔고내역요청, tr코드: opw00018 --- [00Z310] 모의투자 조회가 완료되었습니다
[2020-07-21 13:42:13,133] I tr.py | Kiwoom-receiveTotalBuyMoney-0055 I DEBUG    > 총매입금액: 0
[2020-07-21 13:42:13,134] I tr.py | Kiwoom-receiveTotalProfitLossMoney-0067 I DEBUG    > 총평가손익금액: 0
[2020-07-21 13:42:13,134] I tr.py | Kiwoom-receiveTotalProfitLossRate-0077 I DEBUG    > 총수익률: 0.0
[2020-07-21 13:42:14,136] I tr.py | Kiwoom-requestNotConcludedAccount-0227 I DEBUG    > 미체결 종목 요청
[2020-07-21 13:42:14,158] I slot.py | Kiwoom-receiveMsgSlot-0065 I DEBUG    > 스크린: , 요청이름: , tr코드:  ---  조회가 완료되었습니다.
[2020-07-21 13:42:14,317] I tr.py | Kiwoom-receiveConditionNameList-0157 I DEBUG    > 호출 성공 여부 1, 호출결과 메시지 [OK] 사용자 조건검색식 읽기
[2020-07-21 13:42:14,323] I tr.py | Kiwoom-receiveConditionNameList-0159 I DEBUG    > HTS의 조건검색식 이름 가져오기 000^단타급등주;001^이평선돌파급등주;002^눌림목돌파;003^거래량상위볼리저상향선하향돌파;004^거래량상위볼린저하한선상향;005^거래량급등주;
[2020-07-21 13:42:14,324] I condition.py | Kiwoom-conditionNameListToConditionDataFrame-0017 I DEBUG    > 조건식 분리 번호: 0, 이름: 단타급등주
[2020-07-21 13:42:14,327] I condition.py | Kiwoom-conditionNameListToConditionDataFrame-0017 I DEBUG    > 조건식 분리 번호: 1, 이름: 이평선돌파급등주
[2020-07-21 13:42:14,329] I condition.py | Kiwoom-conditionNameListToConditionDataFrame-0017 I DEBUG    > 조건식 분리 번호: 2, 이름: 눌림목돌파
[2020-07-21 13:42:14,332] I condition.py | Kiwoom-conditionNameListToConditionDataFrame-0017 I DEBUG    > 조건식 분리 번호: 3, 이름: 거래량상위볼리저상향선하향돌파
[2020-07-21 13:42:14,335] I condition.py | Kiwoom-conditionNameListToConditionDataFrame-0017 I DEBUG    > 조건식 분리 번호: 4, 이름: 거래량상위볼린저하한선상향
[2020-07-21 13:42:14,337] I condition.py | Kiwoom-conditionNameListToConditionDataFrame-0017 I DEBUG    > 조건식 분리 번호: 5, 이름: 거래량급등주
[2020-07-21 13:42:14,364] I real.py | Kiwoom-requestRealCondition-0276 I DEBUG    > 조회 성공여부 1 
[2020-07-21 13:42:14,398] I tr.py | Kiwoom-receiveConditionStockTr-0165 I DEBUG    > 화면번호: 0156, 종목코드 리스트: 002720;002780;005160;007370;010140;034940;042670;042700;100130;267320;284620;, 조건식 이름: 단타급등주, 조건식 인덱스: 0, 연속조회: 0
[2020-07-21 13:42:14,399] I tr.py | Kiwoom-receiveConditionStockTr-0168 I DEBUG    > 코드 종목 
 ['002720', '002780', '005160', '007370', '010140', '034940', '042670', '042700', '100130', '267320', '284620']
[2020-07-21 13:45:10,164] I real.py | Kiwoom-receiveConditionRealStock-0242 I DEBUG    > 종목코드: 042700, 이벤트종류: D, 조건식이름: 단타급등주, 조건명인덱스: 0
[2020-07-21 13:45:10,165] I real.py | Kiwoom-receiveConditionRealStock-0249 I DEBUG    > 종목코드: 042700, 종목이탈: D
[2020-07-21 13:45:34,162] I real.py | Kiwoom-receiveConditionRealStock-0242 I DEBUG    > 종목코드: 003000, 이벤트종류: I, 조건식이름: 단타급등주, 조건명인덱스: 0
[2020-07-21 13:45:34,162] I real.py | Kiwoom-receiveConditionRealStock-0245 I DEBUG    > 종목코드: 003000, 종목편입: I
[2020-07-21 13:47:05,221] I slot.py | Kiwoom-receiveLoginSlot-0042 I DEBUG    > 로그인 처리결과 ('OP_ERR_NONE', '정상처리')
[2020-07-21 13:47:05,222] I tr.py | Kiwoom-receiveAccountNum-0035 I DEBUG    > 계좌번호: 8138832611
[2020-07-21 13:47:05,269] I slot.py | Kiwoom-receiveMsgSlot-0065 I DEBUG    > 스크린: 1000, 요청이름: 예수금상세현황요청, tr코드: opw00001 --- [00Z310] 모의투자 조회가 완료되었습니다
[2020-07-21 13:47:05,270] I tr.py | Kiwoom-receiveDeposit-0045 I DEBUG    > 예수금 8059384
[2020-07-21 13:47:05,381] I slot.py | Kiwoom-receiveMsgSlot-0065 I DEBUG    > 스크린: 1000, 요청이름: 예수금상세현황요청, tr코드: opw00001 --- [00Z310] 모의투자 조회가 완료되었습니다
[2020-07-21 13:47:05,383] I tr.py | Kiwoom-receiveDeposit-0045 I DEBUG    > 예수금 8059384
[2020-07-21 13:47:05,699] I slot.py | Kiwoom-receiveMsgSlot-0065 I DEBUG    > 스크린: 1000, 요청이름: 계좌평가잔고내역요청, tr코드: opw00018 --- [00Z310] 모의투자 조회가 완료되었습니다
[2020-07-21 13:47:05,700] I tr.py | Kiwoom-receiveTotalBuyMoney-0055 I DEBUG    > 총매입금액: 0
[2020-07-21 13:47:05,701] I tr.py | Kiwoom-receiveTotalProfitLossMoney-0067 I DEBUG    > 총평가손익금액: 0
[2020-07-21 13:47:05,701] I tr.py | Kiwoom-receiveTotalProfitLossRate-0077 I DEBUG    > 총수익률: 0.0
[2020-07-21 13:47:06,705] I tr.py | Kiwoom-requestNotConcludedAccount-0227 I DEBUG    > 미체결 종목 요청
[2020-07-21 13:47:06,730] I slot.py | Kiwoom-receiveMsgSlot-0065 I DEBUG    > 스크린: , 요청이름: , tr코드:  ---  조회가 완료되었습니다.
[2020-07-21 13:47:06,924] I tr.py | Kiwoom-receiveConditionNameList-0157 I DEBUG    > 호출 성공 여부 1, 호출결과 메시지 [OK] 사용자 조건검색식 읽기
[2020-07-21 13:47:06,929] I tr.py | Kiwoom-receiveConditionNameList-0159 I DEBUG    > HTS의 조건검색식 이름 가져오기 000^단타급등주;001^이평선돌파급등주;002^눌림목돌파;003^거래량상위볼리저상향선하향돌파;004^거래량상위볼린저하한선상향;005^거래량급등주;
[2020-07-21 13:47:06,930] I condition.py | Kiwoom-conditionNameListToConditionDataFrame-0017 I DEBUG    > 조건식 분리 번호: 0, 이름: 단타급등주
[2020-07-21 13:47:06,933] I condition.py | Kiwoom-conditionNameListToConditionDataFrame-0017 I DEBUG    > 조건식 분리 번호: 1, 이름: 이평선돌파급등주
[2020-07-21 13:47:06,935] I condition.py | Kiwoom-conditionNameListToConditionDataFrame-0017 I DEBUG    > 조건식 분리 번호: 2, 이름: 눌림목돌파
[2020-07-21 13:47:06,938] I condition.py | Kiwoom-conditionNameListToConditionDataFrame-0017 I DEBUG    > 조건식 분리 번호: 3, 이름: 거래량상위볼리저상향선하향돌파
[2020-07-21 13:47:06,941] I condition.py | Kiwoom-conditionNameListToConditionDataFrame-0017 I DEBUG    > 조건식 분리 번호: 4, 이름: 거래량상위볼린저하한선상향
[2020-07-21 13:47:06,943] I condition.py | Kiwoom-conditionNameListToConditionDataFrame-0017 I DEBUG    > 조건식 분리 번호: 5, 이름: 거래량급등주
[2020-07-21 13:47:06,976] I real.py | Kiwoom-requestRealCondition-0276 I DEBUG    > 조회 성공여부 1 
[2020-07-21 13:47:07,015] I tr.py | Kiwoom-receiveConditionStockTr-0165 I DEBUG    > 화면번호: 0156, 종목코드 리스트: 001340;002720;002780;005160;007370;010140;034940;042670;059090;100130;267320;284620;, 조건식 이름: 단타급등주, 조건식 인덱스: 0, 연속조회: 0
[2020-07-21 13:47:07,016] I tr.py | Kiwoom-receiveConditionStockTr-0168 I DEBUG    > 코드 종목 
 ['001340', '002720', '002780', '005160', '007370', '010140', '034940', '042670', '059090', '100130', '267320', '284620']
[2020-07-21 13:47:19,102] I real.py | Kiwoom-receiveConditionRealStock-0242 I DEBUG    > 종목코드: 001340, 이벤트종류: D, 조건식이름: 단타급등주, 조건명인덱스: 0
[2020-07-21 13:47:19,102] I real.py | Kiwoom-receiveConditionRealStock-0249 I DEBUG    > 종목코드: 001340, 종목이탈: D
[2020-07-21 13:47:50,605] I real.py | Kiwoom-receiveConditionRealStock-0242 I DEBUG    > 종목코드: 059090, 이벤트종류: D, 조건식이름: 단타급등주, 조건명인덱스: 0
[2020-07-21 13:47:50,605] I real.py | Kiwoom-receiveConditionRealStock-0249 I DEBUG    > 종목코드: 059090, 종목이탈: D
[2020-07-21 13:48:02,212] I real.py | Kiwoom-receiveConditionRealStock-0242 I DEBUG    > 종목코드: 059090, 이벤트종류: I, 조건식이름: 단타급등주, 조건명인덱스: 0
[2020-07-21 13:48:02,213] I real.py | Kiwoom-receiveConditionRealStock-0245 I DEBUG    > 종목코드: 059090, 종목편입: I
[2020-07-21 13:48:54,073] I slot.py | Kiwoom-receiveLoginSlot-0042 I DEBUG    > 로그인 처리결과 ('OP_ERR_NONE', '정상처리')
[2020-07-21 13:48:54,074] I tr.py | Kiwoom-receiveAccountNum-0035 I DEBUG    > 계좌번호: 8138832611
[2020-07-21 13:48:54,121] I slot.py | Kiwoom-receiveMsgSlot-0065 I DEBUG    > 스크린: 1000, 요청이름: 예수금상세현황요청, tr코드: opw00001 --- [00Z310] 모의투자 조회가 완료되었습니다
[2020-07-21 13:48:54,123] I tr.py | Kiwoom-receiveDeposit-0045 I DEBUG    > 예수금 8059384
[2020-07-21 13:48:54,202] I slot.py | Kiwoom-receiveMsgSlot-0065 I DEBUG    > 스크린: 1000, 요청이름: 예수금상세현황요청, tr코드: opw00001 --- [00Z310] 모의투자 조회가 완료되었습니다
[2020-07-21 13:48:54,203] I tr.py | Kiwoom-receiveDeposit-0045 I DEBUG    > 예수금 8059384
[2020-07-21 13:48:54,683] I slot.py | Kiwoom-receiveMsgSlot-0065 I DEBUG    > 스크린: 1000, 요청이름: 계좌평가잔고내역요청, tr코드: opw00018 --- [00Z310] 모의투자 조회가 완료되었습니다
[2020-07-21 13:48:54,684] I tr.py | Kiwoom-receiveTotalBuyMoney-0055 I DEBUG    > 총매입금액: 0
[2020-07-21 13:48:54,685] I tr.py | Kiwoom-receiveTotalProfitLossMoney-0067 I DEBUG    > 총평가손익금액: 0
[2020-07-21 13:48:54,685] I tr.py | Kiwoom-receiveTotalProfitLossRate-0077 I DEBUG    > 총수익률: 0.0
[2020-07-21 13:48:55,688] I tr.py | Kiwoom-requestNotConcludedAccount-0227 I DEBUG    > 미체결 종목 요청
[2020-07-21 13:48:55,711] I slot.py | Kiwoom-receiveMsgSlot-0065 I DEBUG    > 스크린: , 요청이름: , tr코드:  ---  조회가 완료되었습니다.
[2020-07-21 13:48:55,870] I tr.py | Kiwoom-receiveConditionNameList-0157 I DEBUG    > 호출 성공 여부 1, 호출결과 메시지 [OK] 사용자 조건검색식 읽기
[2020-07-21 13:48:55,874] I tr.py | Kiwoom-receiveConditionNameList-0159 I DEBUG    > HTS의 조건검색식 이름 가져오기 000^단타급등주;001^이평선돌파급등주;002^눌림목돌파;003^거래량상위볼리저상향선하향돌파;004^거래량상위볼린저하한선상향;005^거래량급등주;
[2020-07-21 13:48:55,875] I condition.py | Kiwoom-conditionNameListToConditionDataFrame-0017 I DEBUG    > 조건식 분리 번호: 0, 이름: 단타급등주
[2020-07-21 13:48:55,877] I condition.py | Kiwoom-conditionNameListToConditionDataFrame-0017 I DEBUG    > 조건식 분리 번호: 1, 이름: 이평선돌파급등주
[2020-07-21 13:48:55,878] I condition.py | Kiwoom-conditionNameListToConditionDataFrame-0017 I DEBUG    > 조건식 분리 번호: 2, 이름: 눌림목돌파
[2020-07-21 13:48:55,880] I condition.py | Kiwoom-conditionNameListToConditionDataFrame-0017 I DEBUG    > 조건식 분리 번호: 3, 이름: 거래량상위볼리저상향선하향돌파
[2020-07-21 13:48:55,882] I condition.py | Kiwoom-conditionNameListToConditionDataFrame-0017 I DEBUG    > 조건식 분리 번호: 4, 이름: 거래량상위볼린저하한선상향
[2020-07-21 13:48:55,884] I condition.py | Kiwoom-conditionNameListToConditionDataFrame-0017 I DEBUG    > 조건식 분리 번호: 5, 이름: 거래량급등주
[2020-07-21 13:48:55,912] I real.py | Kiwoom-requestRealCondition-0276 I DEBUG    > 조회 성공여부 1 
[2020-07-21 13:48:55,945] I tr.py | Kiwoom-receiveConditionStockTr-0165 I DEBUG    > 화면번호: 0156, 종목코드 리스트: 002720;002780;005160;005360;007370;010140;034940;042670;059090;100130;267320;284620;, 조건식 이름: 단타급등주, 조건식 인덱스: 0, 연속조회: 0
[2020-07-21 13:48:55,946] I tr.py | Kiwoom-receiveConditionStockTr-0168 I DEBUG    > 코드 종목 
 ['002720', '002780', '005160', '005360', '007370', '010140', '034940', '042670', '059090', '100130', '267320', '284620']
[2020-07-21 13:49:05,499] I real.py | Kiwoom-receiveConditionRealStock-0242 I DEBUG    > 종목코드: 001340, 이벤트종류: I, 조건식이름: 단타급등주, 조건명인덱스: 0
[2020-07-21 13:49:05,499] I real.py | Kiwoom-receiveConditionRealStock-0245 I DEBUG    > 종목코드: 001340, 종목편입: I
[2020-07-21 15:06:17,240] I slot.py | Kiwoom-receiveLoginSlot-0042 I DEBUG    > 로그인 처리결과 ('OP_ERR_NONE', '정상처리')
[2020-07-21 15:06:17,246] I tr.py | Kiwoom-receiveAccountNum-0035 I DEBUG    > 계좌번호: 8138832611
[2020-07-21 15:06:17,734] I slot.py | Kiwoom-receiveMsgSlot-0065 I DEBUG    > 스크린: 1000, 요청이름: 예수금상세현황요청, tr코드: opw00001 --- [00Z310] 모의투자 조회가 완료되었습니다
[2020-07-21 15:06:17,736] I tr.py | Kiwoom-receiveDeposit-0045 I DEBUG    > 예수금 8059384
[2020-07-21 15:06:17,795] I slot.py | Kiwoom-receiveMsgSlot-0065 I DEBUG    > 스크린: 1000, 요청이름: 예수금상세현황요청, tr코드: opw00001 --- [00Z310] 모의투자 조회가 완료되었습니다
[2020-07-21 15:06:17,796] I tr.py | Kiwoom-receiveDeposit-0045 I DEBUG    > 예수금 8059384
[2020-07-21 15:06:18,431] I slot.py | Kiwoom-receiveMsgSlot-0065 I DEBUG    > 스크린: 1000, 요청이름: 계좌평가잔고내역요청, tr코드: opw00018 --- [00Z310] 모의투자 조회가 완료되었습니다
[2020-07-21 15:06:18,432] I tr.py | Kiwoom-receiveTotalBuyMoney-0055 I DEBUG    > 총매입금액: 0
[2020-07-21 15:06:18,432] I tr.py | Kiwoom-receiveTotalProfitLossMoney-0067 I DEBUG    > 총평가손익금액: 0
[2020-07-21 15:06:18,433] I tr.py | Kiwoom-receiveTotalProfitLossRate-0077 I DEBUG    > 총수익률: 0.0
[2020-07-21 15:06:19,435] I tr.py | Kiwoom-requestNotConcludedAccount-0227 I DEBUG    > 미체결 종목 요청
[2020-07-21 15:06:19,468] I slot.py | Kiwoom-receiveMsgSlot-0065 I DEBUG    > 스크린: , 요청이름: , tr코드:  ---  조회가 완료되었습니다.
[2020-07-21 15:06:19,732] I tr.py | Kiwoom-receiveConditionNameList-0157 I DEBUG    > 호출 성공 여부 1, 호출결과 메시지 [OK] 사용자 조건검색식 읽기
[2020-07-21 15:06:19,735] I tr.py | Kiwoom-receiveConditionNameList-0159 I DEBUG    > HTS의 조건검색식 이름 가져오기 000^단타급등주;001^이평선돌파급등주;002^눌림목돌파;003^거래량상위볼리저상향선하향돌파;004^거래량상위볼린저하한선상향;005^거래량급등주;
[2020-07-21 15:06:19,736] I condition.py | Kiwoom-conditionNameListToConditionDataFrame-0017 I DEBUG    > 조건식 분리 번호: 0, 이름: 단타급등주
[2020-07-21 15:06:19,738] I condition.py | Kiwoom-conditionNameListToConditionDataFrame-0017 I DEBUG    > 조건식 분리 번호: 1, 이름: 이평선돌파급등주
[2020-07-21 15:06:19,748] I condition.py | Kiwoom-conditionNameListToConditionDataFrame-0017 I DEBUG    > 조건식 분리 번호: 2, 이름: 눌림목돌파
[2020-07-21 15:06:19,755] I condition.py | Kiwoom-conditionNameListToConditionDataFrame-0017 I DEBUG    > 조건식 분리 번호: 3, 이름: 거래량상위볼리저상향선하향돌파
[2020-07-21 15:06:19,756] I condition.py | Kiwoom-conditionNameListToConditionDataFrame-0017 I DEBUG    > 조건식 분리 번호: 4, 이름: 거래량상위볼린저하한선상향
[2020-07-21 15:06:19,758] I condition.py | Kiwoom-conditionNameListToConditionDataFrame-0017 I DEBUG    > 조건식 분리 번호: 5, 이름: 거래량급등주
[2020-07-21 15:06:19,811] I real.py | Kiwoom-requestRealCondition-0276 I DEBUG    > 조회 성공여부 1 
[2020-07-21 15:06:19,849] I tr.py | Kiwoom-receiveConditionStockTr-0165 I DEBUG    > 화면번호: 0156, 종목코드 리스트: 002720;002780;005160;010140;034940;036890;042670;100130;119500;238090;267320;284620;, 조건식 이름: 단타급등주, 조건식 인덱스: 0, 연속조회: 0
[2020-07-21 15:06:19,850] I tr.py | Kiwoom-receiveConditionStockTr-0168 I DEBUG    > 코드 종목 
 ['002720', '002780', '005160', '010140', '034940', '036890', '042670', '100130', '119500', '238090', '267320', '284620']
[2020-07-21 15:06:21,419] I real.py | Kiwoom-receiveConditionRealStock-0242 I DEBUG    > 종목코드: 010140, 이벤트종류: D, 조건식이름: 단타급등주, 조건명인덱스: 0
[2020-07-21 15:06:21,419] I real.py | Kiwoom-receiveConditionRealStock-0249 I DEBUG    > 종목코드: 010140, 종목이탈: D
[2020-07-21 15:06:36,418] I real.py | Kiwoom-receiveConditionRealStock-0242 I DEBUG    > 종목코드: 010140, 이벤트종류: I, 조건식이름: 단타급등주, 조건명인덱스: 0
[2020-07-21 15:06:36,418] I real.py | Kiwoom-receiveConditionRealStock-0245 I DEBUG    > 종목코드: 010140, 종목편입: I
[2020-07-21 15:06:36,709] I order.py | Kiwoom-requestJijungMesuOrder-0021 I DEBUG    > 지정가 매수주문 전달 성공 종목코드: 010140 수량: 2 매수가격: 5970
[2020-07-21 15:06:36,750] I slot.py | Kiwoom-receiveMsgSlot-0065 I DEBUG    > 스크린: 6000, 요청이름: 신규매수, tr코드: KOA_NORMAL_BUY_KP_ORD --- [00Z212] 모의투자 상하한가 오류
[2020-07-21 15:06:41,392] I real.py | Kiwoom-receiveConditionRealStock-0242 I DEBUG    > 종목코드: 010140, 이벤트종류: D, 조건식이름: 단타급등주, 조건명인덱스: 0
[2020-07-21 15:06:41,392] I real.py | Kiwoom-receiveConditionRealStock-0249 I DEBUG    > 종목코드: 010140, 종목이탈: D
[2020-07-21 15:06:41,392] I real.py | Kiwoom-receiveConditionRealStock-0242 I DEBUG    > 종목코드: 059090, 이벤트종류: I, 조건식이름: 단타급등주, 조건명인덱스: 0
[2020-07-21 15:06:41,392] I real.py | Kiwoom-receiveConditionRealStock-0245 I DEBUG    > 종목코드: 059090, 종목편입: I
[2020-07-21 15:06:41,700] I order.py | Kiwoom-requestJijungMesuOrder-0021 I DEBUG    > 지정가 매수주문 전달 성공 종목코드: 059090 수량: 2 매수가격: 13700
[2020-07-21 15:06:41,724] I slot.py | Kiwoom-receiveMsgSlot-0065 I DEBUG    > 스크린: 6000, 요청이름: 신규매수, tr코드: KOA_NORMAL_BUY_KP_ORD --- [00Z212] 모의투자 상하한가 오류
[2020-07-21 15:06:50,901] I real.py | Kiwoom-receiveConditionRealStock-0242 I DEBUG    > 종목코드: 059090, 이벤트종류: D, 조건식이름: 단타급등주, 조건명인덱스: 0
[2020-07-21 15:06:50,902] I real.py | Kiwoom-receiveConditionRealStock-0249 I DEBUG    > 종목코드: 059090, 종목이탈: D
[2020-07-21 15:08:10,147] I slot.py | Kiwoom-receiveLoginSlot-0042 I DEBUG    > 로그인 처리결과 ('OP_ERR_NONE', '정상처리')
[2020-07-21 15:08:10,149] I tr.py | Kiwoom-receiveAccountNum-0035 I DEBUG    > 계좌번호: 8138832611
[2020-07-21 15:08:10,344] I slot.py | Kiwoom-receiveMsgSlot-0065 I DEBUG    > 스크린: 1000, 요청이름: 예수금상세현황요청, tr코드: opw00001 --- [00Z310] 모의투자 조회가 완료되었습니다
[2020-07-21 15:08:10,345] I tr.py | Kiwoom-receiveDeposit-0045 I DEBUG    > 예수금 8059384
[2020-07-21 15:08:10,413] I slot.py | Kiwoom-receiveMsgSlot-0065 I DEBUG    > 스크린: 1000, 요청이름: 예수금상세현황요청, tr코드: opw00001 --- [00Z310] 모의투자 조회가 완료되었습니다
[2020-07-21 15:08:10,414] I tr.py | Kiwoom-receiveDeposit-0045 I DEBUG    > 예수금 8059384
[2020-07-21 15:08:10,905] I slot.py | Kiwoom-receiveMsgSlot-0065 I DEBUG    > 스크린: 1000, 요청이름: 계좌평가잔고내역요청, tr코드: opw00018 --- [00Z310] 모의투자 조회가 완료되었습니다
[2020-07-21 15:08:10,906] I tr.py | Kiwoom-receiveTotalBuyMoney-0055 I DEBUG    > 총매입금액: 0
[2020-07-21 15:08:10,907] I tr.py | Kiwoom-receiveTotalProfitLossMoney-0067 I DEBUG    > 총평가손익금액: 0
[2020-07-21 15:08:10,907] I tr.py | Kiwoom-receiveTotalProfitLossRate-0077 I DEBUG    > 총수익률: 0.0
[2020-07-21 15:08:22,920] I slot.py | Kiwoom-receiveLoginSlot-0042 I DEBUG    > 로그인 처리결과 ('OP_ERR_NONE', '정상처리')
[2020-07-21 15:08:22,922] I tr.py | Kiwoom-receiveAccountNum-0035 I DEBUG    > 계좌번호: 8138832611
[2020-07-21 15:08:22,982] I slot.py | Kiwoom-receiveMsgSlot-0065 I DEBUG    > 스크린: 1000, 요청이름: 예수금상세현황요청, tr코드: opw00001 --- [00Z310] 모의투자 조회가 완료되었습니다
[2020-07-21 15:08:22,983] I tr.py | Kiwoom-receiveDeposit-0045 I DEBUG    > 예수금 8059384
[2020-07-21 15:08:23,136] I slot.py | Kiwoom-receiveMsgSlot-0065 I DEBUG    > 스크린: 1000, 요청이름: 예수금상세현황요청, tr코드: opw00001 --- [00Z310] 모의투자 조회가 완료되었습니다
[2020-07-21 15:08:23,138] I tr.py | Kiwoom-receiveDeposit-0045 I DEBUG    > 예수금 8059384
[2020-07-21 15:08:24,877] I slot.py | Kiwoom-receiveMsgSlot-0065 I DEBUG    > 스크린: 1000, 요청이름: 계좌평가잔고내역요청, tr코드: opw00018 --- [00Z310] 모의투자 조회가 완료되었습니다
[2020-07-21 15:08:24,879] I tr.py | Kiwoom-receiveTotalBuyMoney-0055 I DEBUG    > 총매입금액: 0
[2020-07-21 15:08:24,879] I tr.py | Kiwoom-receiveTotalProfitLossMoney-0067 I DEBUG    > 총평가손익금액: 0
[2020-07-21 15:08:24,880] I tr.py | Kiwoom-receiveTotalProfitLossRate-0077 I DEBUG    > 총수익률: 0.0
[2020-07-21 15:08:25,883] I tr.py | Kiwoom-requestNotConcludedAccount-0227 I DEBUG    > 미체결 종목 요청
[2020-07-21 15:08:26,572] I slot.py | Kiwoom-receiveMsgSlot-0065 I DEBUG    > 스크린: , 요청이름: , tr코드:  ---  조회가 완료되었습니다.
[2020-07-21 15:08:27,391] I tr.py | Kiwoom-receiveConditionNameList-0157 I DEBUG    > 호출 성공 여부 1, 호출결과 메시지 [OK] 사용자 조건검색식 읽기
[2020-07-21 15:08:27,394] I tr.py | Kiwoom-receiveConditionNameList-0159 I DEBUG    > HTS의 조건검색식 이름 가져오기 000^단타급등주;001^이평선돌파급등주;002^눌림목돌파;003^거래량상위볼리저상향선하향돌파;004^거래량상위볼린저하한선상향;005^거래량급등주;
[2020-07-21 15:08:27,395] I condition.py | Kiwoom-conditionNameListToConditionDataFrame-0017 I DEBUG    > 조건식 분리 번호: 0, 이름: 단타급등주
[2020-07-21 15:08:27,400] I condition.py | Kiwoom-conditionNameListToConditionDataFrame-0017 I DEBUG    > 조건식 분리 번호: 1, 이름: 이평선돌파급등주
[2020-07-21 15:08:27,404] I condition.py | Kiwoom-conditionNameListToConditionDataFrame-0017 I DEBUG    > 조건식 분리 번호: 2, 이름: 눌림목돌파
[2020-07-21 15:08:27,408] I condition.py | Kiwoom-conditionNameListToConditionDataFrame-0017 I DEBUG    > 조건식 분리 번호: 3, 이름: 거래량상위볼리저상향선하향돌파
[2020-07-21 15:08:27,412] I condition.py | Kiwoom-conditionNameListToConditionDataFrame-0017 I DEBUG    > 조건식 분리 번호: 4, 이름: 거래량상위볼린저하한선상향
[2020-07-21 15:08:27,416] I condition.py | Kiwoom-conditionNameListToConditionDataFrame-0017 I DEBUG    > 조건식 분리 번호: 5, 이름: 거래량급등주
[2020-07-21 15:08:27,474] I real.py | Kiwoom-requestRealCondition-0276 I DEBUG    > 조회 성공여부 1 
[2020-07-21 15:08:27,843] I tr.py | Kiwoom-receiveConditionStockTr-0165 I DEBUG    > 화면번호: 0156, 종목코드 리스트: 002720;002780;005160;034940;036890;042670;100130;119500;238090;267320;284620;, 조건식 이름: 단타급등주, 조건식 인덱스: 0, 연속조회: 0
[2020-07-21 15:08:27,844] I tr.py | Kiwoom-receiveConditionStockTr-0168 I DEBUG    > 코드 종목 
 ['002720', '002780', '005160', '034940', '036890', '042670', '100130', '119500', '238090', '267320', '284620']
[2020-07-21 15:09:36,494] I real.py | Kiwoom-receiveConditionRealStock-0242 I DEBUG    > 종목코드: 059090, 이벤트종류: I, 조건식이름: 단타급등주, 조건명인덱스: 0
[2020-07-21 15:09:36,494] I real.py | Kiwoom-receiveConditionRealStock-0245 I DEBUG    > 종목코드: 059090, 종목편입: I
[2020-07-21 15:10:37,116] I order.py | Kiwoom-requestJijungMesuOrder-0021 I DEBUG    > 지정가 매수주문 전달 성공 종목코드: 059090 수량: 2 매수가격: 13700
[2020-07-21 15:11:08,110] I slot.py | Kiwoom-receiveLoginSlot-0042 I DEBUG    > 로그인 처리결과 ('OP_ERR_NONE', '정상처리')
[2020-07-21 15:11:08,111] I tr.py | Kiwoom-receiveAccountNum-0035 I DEBUG    > 계좌번호: 8138832611
[2020-07-21 15:11:08,383] I slot.py | Kiwoom-receiveMsgSlot-0065 I DEBUG    > 스크린: 1000, 요청이름: 예수금상세현황요청, tr코드: opw00001 --- [00Z310] 모의투자 조회가 완료되었습니다
[2020-07-21 15:11:08,384] I tr.py | Kiwoom-receiveDeposit-0045 I DEBUG    > 예수금 8059384
[2020-07-21 15:11:08,430] I slot.py | Kiwoom-receiveMsgSlot-0065 I DEBUG    > 스크린: 1000, 요청이름: 예수금상세현황요청, tr코드: opw00001 --- [00Z310] 모의투자 조회가 완료되었습니다
[2020-07-21 15:11:08,431] I tr.py | Kiwoom-receiveDeposit-0045 I DEBUG    > 예수금 8059384
[2020-07-21 15:11:08,586] I slot.py | Kiwoom-receiveMsgSlot-0065 I DEBUG    > 스크린: 1000, 요청이름: 계좌평가잔고내역요청, tr코드: opw00018 --- [00Z310] 모의투자 조회가 완료되었습니다
[2020-07-21 15:11:08,587] I tr.py | Kiwoom-receiveTotalBuyMoney-0055 I DEBUG    > 총매입금액: 0
[2020-07-21 15:11:08,588] I tr.py | Kiwoom-receiveTotalProfitLossMoney-0067 I DEBUG    > 총평가손익금액: 0
[2020-07-21 15:11:08,588] I tr.py | Kiwoom-receiveTotalProfitLossRate-0077 I DEBUG    > 총수익률: 0.0
[2020-07-21 15:11:09,590] I tr.py | Kiwoom-requestNotConcludedAccount-0227 I DEBUG    > 미체결 종목 요청
[2020-07-21 15:11:10,069] I slot.py | Kiwoom-receiveMsgSlot-0065 I DEBUG    > 스크린: , 요청이름: , tr코드:  ---  조회가 완료되었습니다.
[2020-07-21 15:11:10,968] I tr.py | Kiwoom-receiveConditionNameList-0157 I DEBUG    > 호출 성공 여부 1, 호출결과 메시지 [OK] 사용자 조건검색식 읽기
[2020-07-21 15:11:10,971] I tr.py | Kiwoom-receiveConditionNameList-0159 I DEBUG    > HTS의 조건검색식 이름 가져오기 000^단타급등주;001^이평선돌파급등주;002^눌림목돌파;003^거래량상위볼리저상향선하향돌파;004^거래량상위볼린저하한선상향;005^거래량급등주;
[2020-07-21 15:11:10,971] I condition.py | Kiwoom-conditionNameListToConditionDataFrame-0017 I DEBUG    > 조건식 분리 번호: 0, 이름: 단타급등주
[2020-07-21 15:11:10,973] I condition.py | Kiwoom-conditionNameListToConditionDataFrame-0017 I DEBUG    > 조건식 분리 번호: 1, 이름: 이평선돌파급등주
[2020-07-21 15:11:10,975] I condition.py | Kiwoom-conditionNameListToConditionDataFrame-0017 I DEBUG    > 조건식 분리 번호: 2, 이름: 눌림목돌파
[2020-07-21 15:11:10,976] I condition.py | Kiwoom-conditionNameListToConditionDataFrame-0017 I DEBUG    > 조건식 분리 번호: 3, 이름: 거래량상위볼리저상향선하향돌파
[2020-07-21 15:11:10,978] I condition.py | Kiwoom-conditionNameListToConditionDataFrame-0017 I DEBUG    > 조건식 분리 번호: 4, 이름: 거래량상위볼린저하한선상향
[2020-07-21 15:11:10,979] I condition.py | Kiwoom-conditionNameListToConditionDataFrame-0017 I DEBUG    > 조건식 분리 번호: 5, 이름: 거래량급등주
[2020-07-21 15:11:11,019] I real.py | Kiwoom-requestRealCondition-0276 I DEBUG    > 조회 성공여부 1 
[2020-07-21 15:11:11,501] I tr.py | Kiwoom-receiveConditionStockTr-0165 I DEBUG    > 화면번호: 0156, 종목코드 리스트: 002720;002780;005160;034940;036890;042670;059090;100130;119500;238090;267320;284620;, 조건식 이름: 단타급등주, 조건식 인덱스: 0, 연속조회: 0
[2020-07-21 15:11:11,502] I tr.py | Kiwoom-receiveConditionStockTr-0168 I DEBUG    > 코드 종목 
 ['002720', '002780', '005160', '034940', '036890', '042670', '059090', '100130', '119500', '238090', '267320', '284620']
[2020-07-21 15:11:13,085] I real.py | Kiwoom-receiveConditionRealStock-0242 I DEBUG    > 종목코드: 010140, 이벤트종류: I, 조건식이름: 단타급등주, 조건명인덱스: 0
[2020-07-21 15:11:13,085] I real.py | Kiwoom-receiveConditionRealStock-0245 I DEBUG    > 종목코드: 010140, 종목편입: I
[2020-07-21 15:11:13,188] I order.py | Kiwoom-requestJijungMesuOrder-0021 I DEBUG    > 지정가 매수주문 전달 성공 종목코드: 010140 수량: 2 매수가격: 5980
[2020-07-21 15:11:13,233] I slot.py | Kiwoom-receiveMsgSlot-0065 I DEBUG    > 스크린: 6000, 요청이름: 신규매수, tr코드: KOA_NORMAL_BUY_KP_ORD --- [00Z212] 모의투자 상하한가 오류
[2020-07-21 15:11:18,078] I real.py | Kiwoom-receiveConditionRealStock-0242 I DEBUG    > 종목코드: 010140, 이벤트종류: D, 조건식이름: 단타급등주, 조건명인덱스: 0
[2020-07-21 15:11:18,078] I real.py | Kiwoom-receiveConditionRealStock-0249 I DEBUG    > 종목코드: 010140, 종목이탈: D
[2020-07-21 15:11:33,569] I real.py | Kiwoom-receiveConditionRealStock-0242 I DEBUG    > 종목코드: 059090, 이벤트종류: D, 조건식이름: 단타급등주, 조건명인덱스: 0
[2020-07-21 15:11:33,569] I real.py | Kiwoom-receiveConditionRealStock-0249 I DEBUG    > 종목코드: 059090, 종목이탈: D
[2020-07-21 15:11:38,577] I real.py | Kiwoom-receiveConditionRealStock-0242 I DEBUG    > 종목코드: 010140, 이벤트종류: I, 조건식이름: 단타급등주, 조건명인덱스: 0
[2020-07-21 15:11:38,577] I real.py | Kiwoom-receiveConditionRealStock-0245 I DEBUG    > 종목코드: 010140, 종목편입: I
[2020-07-21 15:11:51,376] I slot.py | Kiwoom-receiveLoginSlot-0042 I DEBUG    > 로그인 처리결과 ('OP_ERR_NONE', '정상처리')
[2020-07-21 15:11:51,379] I tr.py | Kiwoom-receiveAccountNum-0035 I DEBUG    > 계좌번호: 8138832611
[2020-07-21 15:11:51,428] I slot.py | Kiwoom-receiveMsgSlot-0065 I DEBUG    > 스크린: 1000, 요청이름: 예수금상세현황요청, tr코드: opw00001 --- [00Z310] 모의투자 조회가 완료되었습니다
[2020-07-21 15:11:51,429] I tr.py | Kiwoom-receiveDeposit-0045 I DEBUG    > 예수금 8059384
[2020-07-21 15:11:51,531] I slot.py | Kiwoom-receiveMsgSlot-0065 I DEBUG    > 스크린: 1000, 요청이름: 예수금상세현황요청, tr코드: opw00001 --- [00Z310] 모의투자 조회가 완료되었습니다
[2020-07-21 15:11:51,532] I tr.py | Kiwoom-receiveDeposit-0045 I DEBUG    > 예수금 8059384
[2020-07-21 15:11:51,611] I slot.py | Kiwoom-receiveMsgSlot-0065 I DEBUG    > 스크린: 1000, 요청이름: 계좌평가잔고내역요청, tr코드: opw00018 --- [00Z310] 모의투자 조회가 완료되었습니다
[2020-07-21 15:11:51,612] I tr.py | Kiwoom-receiveTotalBuyMoney-0055 I DEBUG    > 총매입금액: 0
[2020-07-21 15:11:51,613] I tr.py | Kiwoom-receiveTotalProfitLossMoney-0067 I DEBUG    > 총평가손익금액: 0
[2020-07-21 15:11:51,613] I tr.py | Kiwoom-receiveTotalProfitLossRate-0077 I DEBUG    > 총수익률: 0.0
[2020-07-21 15:11:52,616] I tr.py | Kiwoom-requestNotConcludedAccount-0227 I DEBUG    > 미체결 종목 요청
[2020-07-21 15:11:53,252] I slot.py | Kiwoom-receiveMsgSlot-0065 I DEBUG    > 스크린: , 요청이름: , tr코드:  ---  조회가 완료되었습니다.
[2020-07-21 15:11:53,453] I tr.py | Kiwoom-receiveConditionNameList-0157 I DEBUG    > 호출 성공 여부 1, 호출결과 메시지 [OK] 사용자 조건검색식 읽기
[2020-07-21 15:11:53,457] I tr.py | Kiwoom-receiveConditionNameList-0159 I DEBUG    > HTS의 조건검색식 이름 가져오기 000^단타급등주;001^이평선돌파급등주;002^눌림목돌파;003^거래량상위볼리저상향선하향돌파;004^거래량상위볼린저하한선상향;005^거래량급등주;
[2020-07-21 15:11:53,458] I condition.py | Kiwoom-conditionNameListToConditionDataFrame-0017 I DEBUG    > 조건식 분리 번호: 0, 이름: 단타급등주
[2020-07-21 15:11:53,462] I condition.py | Kiwoom-conditionNameListToConditionDataFrame-0017 I DEBUG    > 조건식 분리 번호: 1, 이름: 이평선돌파급등주
[2020-07-21 15:11:53,466] I condition.py | Kiwoom-conditionNameListToConditionDataFrame-0017 I DEBUG    > 조건식 분리 번호: 2, 이름: 눌림목돌파
[2020-07-21 15:11:53,470] I condition.py | Kiwoom-conditionNameListToConditionDataFrame-0017 I DEBUG    > 조건식 분리 번호: 3, 이름: 거래량상위볼리저상향선하향돌파
[2020-07-21 15:11:53,474] I condition.py | Kiwoom-conditionNameListToConditionDataFrame-0017 I DEBUG    > 조건식 분리 번호: 4, 이름: 거래량상위볼린저하한선상향
[2020-07-21 15:11:53,478] I condition.py | Kiwoom-conditionNameListToConditionDataFrame-0017 I DEBUG    > 조건식 분리 번호: 5, 이름: 거래량급등주
[2020-07-21 15:11:53,534] I real.py | Kiwoom-requestRealCondition-0276 I DEBUG    > 조회 성공여부 1 
[2020-07-21 15:11:53,567] I tr.py | Kiwoom-receiveConditionStockTr-0165 I DEBUG    > 화면번호: 0156, 종목코드 리스트: 002720;002780;005160;010140;034940;036890;042670;059090;100130;119500;238090;267320;284620;, 조건식 이름: 단타급등주, 조건식 인덱스: 0, 연속조회: 0
[2020-07-21 15:11:53,567] I tr.py | Kiwoom-receiveConditionStockTr-0168 I DEBUG    > 코드 종목 
 ['002720', '002780', '005160', '010140', '034940', '036890', '042670', '059090', '100130', '119500', '238090', '267320', '284620']
[2020-07-21 15:12:03,628] I real.py | Kiwoom-receiveConditionRealStock-0242 I DEBUG    > 종목코드: 010140, 이벤트종류: D, 조건식이름: 단타급등주, 조건명인덱스: 0
[2020-07-21 15:12:03,628] I real.py | Kiwoom-receiveConditionRealStock-0249 I DEBUG    > 종목코드: 010140, 종목이탈: D
[2020-07-21 15:12:04,349] I real.py | Kiwoom-receiveConditionRealStock-0242 I DEBUG    > 종목코드: 001340, 이벤트종류: I, 조건식이름: 단타급등주, 조건명인덱스: 0
[2020-07-21 15:12:04,349] I real.py | Kiwoom-receiveConditionRealStock-0245 I DEBUG    > 종목코드: 001340, 종목편입: I
[2020-07-21 15:12:49,955] I order.py | Kiwoom-requestJijungMesuOrder-0021 I DEBUG    > 지정가 매수주문 전달 성공 종목코드: 001340 수량: 2 매수가격: 3375
[2020-07-21 15:13:25,684] I slot.py | Kiwoom-receiveLoginSlot-0042 I DEBUG    > 로그인 처리결과 ('OP_ERR_NONE', '정상처리')
[2020-07-21 15:13:25,685] I tr.py | Kiwoom-receiveAccountNum-0035 I DEBUG    > 계좌번호: 8138832611
[2020-07-21 15:13:25,731] I slot.py | Kiwoom-receiveMsgSlot-0065 I DEBUG    > 스크린: 1000, 요청이름: 예수금상세현황요청, tr코드: opw00001 --- [00Z310] 모의투자 조회가 완료되었습니다
[2020-07-21 15:13:25,732] I tr.py | Kiwoom-receiveDeposit-0045 I DEBUG    > 예수금 8059384
[2020-07-21 15:13:25,811] I slot.py | Kiwoom-receiveMsgSlot-0065 I DEBUG    > 스크린: 1000, 요청이름: 예수금상세현황요청, tr코드: opw00001 --- [00Z310] 모의투자 조회가 완료되었습니다
[2020-07-21 15:13:25,812] I tr.py | Kiwoom-receiveDeposit-0045 I DEBUG    > 예수금 8059384
[2020-07-21 15:13:26,024] I slot.py | Kiwoom-receiveMsgSlot-0065 I DEBUG    > 스크린: 1000, 요청이름: 계좌평가잔고내역요청, tr코드: opw00018 --- [00Z310] 모의투자 조회가 완료되었습니다
[2020-07-21 15:13:26,025] I tr.py | Kiwoom-receiveTotalBuyMoney-0055 I DEBUG    > 총매입금액: 0
[2020-07-21 15:13:26,025] I tr.py | Kiwoom-receiveTotalProfitLossMoney-0067 I DEBUG    > 총평가손익금액: 0
[2020-07-21 15:13:26,025] I tr.py | Kiwoom-receiveTotalProfitLossRate-0077 I DEBUG    > 총수익률: 0.0
[2020-07-21 15:13:27,028] I tr.py | Kiwoom-requestNotConcludedAccount-0227 I DEBUG    > 미체결 종목 요청
[2020-07-21 15:13:27,051] I slot.py | Kiwoom-receiveMsgSlot-0065 I DEBUG    > 스크린: , 요청이름: , tr코드:  ---  조회가 완료되었습니다.
[2020-07-21 15:13:27,223] I tr.py | Kiwoom-receiveConditionNameList-0157 I DEBUG    > 호출 성공 여부 1, 호출결과 메시지 [OK] 사용자 조건검색식 읽기
[2020-07-21 15:13:27,226] I tr.py | Kiwoom-receiveConditionNameList-0159 I DEBUG    > HTS의 조건검색식 이름 가져오기 000^단타급등주;001^이평선돌파급등주;002^눌림목돌파;003^거래량상위볼리저상향선하향돌파;004^거래량상위볼린저하한선상향;005^거래량급등주;
[2020-07-21 15:13:27,227] I condition.py | Kiwoom-conditionNameListToConditionDataFrame-0017 I DEBUG    > 조건식 분리 번호: 0, 이름: 단타급등주
[2020-07-21 15:13:27,228] I condition.py | Kiwoom-conditionNameListToConditionDataFrame-0017 I DEBUG    > 조건식 분리 번호: 1, 이름: 이평선돌파급등주
[2020-07-21 15:13:27,230] I condition.py | Kiwoom-conditionNameListToConditionDataFrame-0017 I DEBUG    > 조건식 분리 번호: 2, 이름: 눌림목돌파
[2020-07-21 15:13:27,231] I condition.py | Kiwoom-conditionNameListToConditionDataFrame-0017 I DEBUG    > 조건식 분리 번호: 3, 이름: 거래량상위볼리저상향선하향돌파
[2020-07-21 15:13:27,233] I condition.py | Kiwoom-conditionNameListToConditionDataFrame-0017 I DEBUG    > 조건식 분리 번호: 4, 이름: 거래량상위볼린저하한선상향
[2020-07-21 15:13:27,235] I condition.py | Kiwoom-conditionNameListToConditionDataFrame-0017 I DEBUG    > 조건식 분리 번호: 5, 이름: 거래량급등주
[2020-07-21 15:13:27,267] I real.py | Kiwoom-requestRealCondition-0276 I DEBUG    > 조회 성공여부 1 
[2020-07-21 15:13:27,308] I tr.py | Kiwoom-receiveConditionStockTr-0165 I DEBUG    > 화면번호: 0156, 종목코드 리스트: 001340;002720;002780;005160;034940;036890;042670;100130;119500;238090;267320;284620;, 조건식 이름: 단타급등주, 조건식 인덱스: 0, 연속조회: 0
[2020-07-21 15:13:27,309] I tr.py | Kiwoom-receiveConditionStockTr-0168 I DEBUG    > 코드 종목 
 ['001340', '002720', '002780', '005160', '034940', '036890', '042670', '100130', '119500', '238090', '267320', '284620']
[2020-07-21 15:13:39,370] I real.py | Kiwoom-receiveConditionRealStock-0242 I DEBUG    > 종목코드: 001340, 이벤트종류: D, 조건식이름: 단타급등주, 조건명인덱스: 0
[2020-07-21 15:13:39,370] I real.py | Kiwoom-receiveConditionRealStock-0249 I DEBUG    > 종목코드: 001340, 종목이탈: D
[2020-07-21 15:13:44,379] I real.py | Kiwoom-receiveConditionRealStock-0242 I DEBUG    > 종목코드: 059090, 이벤트종류: I, 조건식이름: 단타급등주, 조건명인덱스: 0
[2020-07-21 15:13:44,379] I real.py | Kiwoom-receiveConditionRealStock-0245 I DEBUG    > 종목코드: 059090, 종목편입: I
[2020-07-21 15:13:44,759] I order.py | Kiwoom-requestJijungMesuOrder-0021 I DEBUG    > 지정가 매수주문 전달 성공 종목코드: 059090 수량: 2 매수가격: 13700
[2020-07-21 15:13:44,804] I slot.py | Kiwoom-receiveMsgSlot-0065 I DEBUG    > 스크린: 6000, 요청이름: 신규매수, tr코드: KOA_NORMAL_BUY_KQ_ORD --- [00Z212] 모의투자 상하한가 오류
[2020-07-21 15:13:49,372] I real.py | Kiwoom-receiveConditionRealStock-0242 I DEBUG    > 종목코드: 001340, 이벤트종류: I, 조건식이름: 단타급등주, 조건명인덱스: 0
[2020-07-21 15:13:49,372] I real.py | Kiwoom-receiveConditionRealStock-0245 I DEBUG    > 종목코드: 001340, 종목편입: I
[2020-07-21 15:13:49,791] I order.py | Kiwoom-requestJijungMesuOrder-0021 I DEBUG    > 지정가 매수주문 전달 성공 종목코드: 001340 수량: 2 매수가격: 3380
[2020-07-21 15:13:50,069] I slot.py | Kiwoom-receiveMsgSlot-0065 I DEBUG    > 스크린: 6000, 요청이름: 신규매수, tr코드: KOA_NORMAL_BUY_KQ_ORD --- [00Z212] 모의투자 상하한가 오류
[2020-07-21 15:13:54,373] I real.py | Kiwoom-receiveConditionRealStock-0242 I DEBUG    > 종목코드: 059090, 이벤트종류: D, 조건식이름: 단타급등주, 조건명인덱스: 0
[2020-07-21 15:13:54,373] I real.py | Kiwoom-receiveConditionRealStock-0249 I DEBUG    > 종목코드: 059090, 종목이탈: D
[2020-07-21 15:15:00,371] I slot.py | Kiwoom-receiveLoginSlot-0042 I DEBUG    > 로그인 처리결과 ('OP_ERR_NONE', '정상처리')
[2020-07-21 15:15:00,374] I tr.py | Kiwoom-receiveAccountNum-0035 I DEBUG    > 계좌번호: 8138832611
[2020-07-21 15:15:00,619] I slot.py | Kiwoom-receiveMsgSlot-0065 I DEBUG    > 스크린: 1000, 요청이름: 예수금상세현황요청, tr코드: opw00001 --- [00Z310] 모의투자 조회가 완료되었습니다
[2020-07-21 15:15:00,620] I tr.py | Kiwoom-receiveDeposit-0045 I DEBUG    > 예수금 8059384
[2020-07-21 15:15:00,863] I slot.py | Kiwoom-receiveMsgSlot-0065 I DEBUG    > 스크린: 1000, 요청이름: 예수금상세현황요청, tr코드: opw00001 --- [00Z310] 모의투자 조회가 완료되었습니다
[2020-07-21 15:15:00,864] I tr.py | Kiwoom-receiveDeposit-0045 I DEBUG    > 예수금 8059384
[2020-07-21 15:15:01,187] I slot.py | Kiwoom-receiveMsgSlot-0065 I DEBUG    > 스크린: 1000, 요청이름: 계좌평가잔고내역요청, tr코드: opw00018 --- [00Z310] 모의투자 조회가 완료되었습니다
[2020-07-21 15:15:01,188] I tr.py | Kiwoom-receiveTotalBuyMoney-0055 I DEBUG    > 총매입금액: 0
[2020-07-21 15:15:01,189] I tr.py | Kiwoom-receiveTotalProfitLossMoney-0067 I DEBUG    > 총평가손익금액: 0
[2020-07-21 15:15:01,189] I tr.py | Kiwoom-receiveTotalProfitLossRate-0077 I DEBUG    > 총수익률: 0.0
[2020-07-21 15:15:02,190] I tr.py | Kiwoom-requestNotConcludedAccount-0227 I DEBUG    > 미체결 종목 요청
[2020-07-21 15:15:02,261] I slot.py | Kiwoom-receiveMsgSlot-0065 I DEBUG    > 스크린: , 요청이름: , tr코드:  ---  조회가 완료되었습니다.
[2020-07-21 15:15:02,432] I tr.py | Kiwoom-receiveConditionNameList-0157 I DEBUG    > 호출 성공 여부 1, 호출결과 메시지 [OK] 사용자 조건검색식 읽기
[2020-07-21 15:15:02,436] I tr.py | Kiwoom-receiveConditionNameList-0159 I DEBUG    > HTS의 조건검색식 이름 가져오기 000^단타급등주;001^이평선돌파급등주;002^눌림목돌파;003^거래량상위볼리저상향선하향돌파;004^거래량상위볼린저하한선상향;005^거래량급등주;
[2020-07-21 15:15:02,437] I condition.py | Kiwoom-conditionNameListToConditionDataFrame-0017 I DEBUG    > 조건식 분리 번호: 0, 이름: 단타급등주
[2020-07-21 15:15:02,441] I condition.py | Kiwoom-conditionNameListToConditionDataFrame-0017 I DEBUG    > 조건식 분리 번호: 1, 이름: 이평선돌파급등주
[2020-07-21 15:15:02,444] I condition.py | Kiwoom-conditionNameListToConditionDataFrame-0017 I DEBUG    > 조건식 분리 번호: 2, 이름: 눌림목돌파
[2020-07-21 15:15:02,448] I condition.py | Kiwoom-conditionNameListToConditionDataFrame-0017 I DEBUG    > 조건식 분리 번호: 3, 이름: 거래량상위볼리저상향선하향돌파
[2020-07-21 15:15:02,451] I condition.py | Kiwoom-conditionNameListToConditionDataFrame-0017 I DEBUG    > 조건식 분리 번호: 4, 이름: 거래량상위볼린저하한선상향
[2020-07-21 15:15:02,455] I condition.py | Kiwoom-conditionNameListToConditionDataFrame-0017 I DEBUG    > 조건식 분리 번호: 5, 이름: 거래량급등주
[2020-07-21 15:15:02,510] I real.py | Kiwoom-requestRealCondition-0276 I DEBUG    > 조회 성공여부 1 
[2020-07-21 15:15:02,553] I tr.py | Kiwoom-receiveConditionStockTr-0165 I DEBUG    > 화면번호: 0156, 종목코드 리스트: 002720;002780;005160;034940;036890;042670;059090;100130;119500;238090;267320;284620;, 조건식 이름: 단타급등주, 조건식 인덱스: 0, 연속조회: 0
[2020-07-21 15:15:02,553] I tr.py | Kiwoom-receiveConditionStockTr-0168 I DEBUG    > 코드 종목 
 ['002720', '002780', '005160', '034940', '036890', '042670', '059090', '100130', '119500', '238090', '267320', '284620']
[2020-07-21 15:15:05,598] I real.py | Kiwoom-receiveConditionRealStock-0242 I DEBUG    > 종목코드: 001340, 이벤트종류: I, 조건식이름: 단타급등주, 조건명인덱스: 0
[2020-07-21 15:15:05,598] I real.py | Kiwoom-receiveConditionRealStock-0245 I DEBUG    > 종목코드: 001340, 종목편입: I
[2020-07-21 15:15:16,972] I order.py | Kiwoom-requestJijungMesuOrder-0021 I DEBUG    > 지정가 매수주문 전달 성공 종목코드: 001340 수량: 2 매수가격: 3380
[2020-07-21 15:15:59,339] I slot.py | Kiwoom-receiveLoginSlot-0042 I DEBUG    > 로그인 처리결과 ('OP_ERR_NONE', '정상처리')
[2020-07-21 15:15:59,342] I tr.py | Kiwoom-receiveAccountNum-0035 I DEBUG    > 계좌번호: 8138832611
[2020-07-21 15:15:59,388] I slot.py | Kiwoom-receiveMsgSlot-0065 I DEBUG    > 스크린: 1000, 요청이름: 예수금상세현황요청, tr코드: opw00001 --- [00Z310] 모의투자 조회가 완료되었습니다
[2020-07-21 15:15:59,390] I tr.py | Kiwoom-receiveDeposit-0045 I DEBUG    > 예수금 8059384
[2020-07-21 15:16:00,060] I slot.py | Kiwoom-receiveMsgSlot-0065 I DEBUG    > 스크린: 1000, 요청이름: 예수금상세현황요청, tr코드: opw00001 --- [00Z310] 모의투자 조회가 완료되었습니다
[2020-07-21 15:16:00,061] I tr.py | Kiwoom-receiveDeposit-0045 I DEBUG    > 예수금 8059384
[2020-07-21 15:16:00,634] I slot.py | Kiwoom-receiveMsgSlot-0065 I DEBUG    > 스크린: 1000, 요청이름: 계좌평가잔고내역요청, tr코드: opw00018 --- [00Z310] 모의투자 조회가 완료되었습니다
[2020-07-21 15:16:00,635] I tr.py | Kiwoom-receiveTotalBuyMoney-0055 I DEBUG    > 총매입금액: 0
[2020-07-21 15:16:00,636] I tr.py | Kiwoom-receiveTotalProfitLossMoney-0067 I DEBUG    > 총평가손익금액: 0
[2020-07-21 15:16:00,636] I tr.py | Kiwoom-receiveTotalProfitLossRate-0077 I DEBUG    > 총수익률: 0.0
[2020-07-21 15:16:01,639] I tr.py | Kiwoom-requestNotConcludedAccount-0227 I DEBUG    > 미체결 종목 요청
[2020-07-21 15:16:01,662] I slot.py | Kiwoom-receiveMsgSlot-0065 I DEBUG    > 스크린: , 요청이름: , tr코드:  ---  조회가 완료되었습니다.
[2020-07-21 15:16:01,861] I tr.py | Kiwoom-receiveConditionNameList-0157 I DEBUG    > 호출 성공 여부 1, 호출결과 메시지 [OK] 사용자 조건검색식 읽기
[2020-07-21 15:16:01,865] I tr.py | Kiwoom-receiveConditionNameList-0159 I DEBUG    > HTS의 조건검색식 이름 가져오기 000^단타급등주;001^이평선돌파급등주;002^눌림목돌파;003^거래량상위볼리저상향선하향돌파;004^거래량상위볼린저하한선상향;005^거래량급등주;
[2020-07-21 15:16:01,865] I condition.py | Kiwoom-conditionNameListToConditionDataFrame-0017 I DEBUG    > 조건식 분리 번호: 0, 이름: 단타급등주
[2020-07-21 15:16:01,870] I condition.py | Kiwoom-conditionNameListToConditionDataFrame-0017 I DEBUG    > 조건식 분리 번호: 1, 이름: 이평선돌파급등주
[2020-07-21 15:16:01,874] I condition.py | Kiwoom-conditionNameListToConditionDataFrame-0017 I DEBUG    > 조건식 분리 번호: 2, 이름: 눌림목돌파
[2020-07-21 15:16:01,877] I condition.py | Kiwoom-conditionNameListToConditionDataFrame-0017 I DEBUG    > 조건식 분리 번호: 3, 이름: 거래량상위볼리저상향선하향돌파
[2020-07-21 15:16:01,881] I condition.py | Kiwoom-conditionNameListToConditionDataFrame-0017 I DEBUG    > 조건식 분리 번호: 4, 이름: 거래량상위볼린저하한선상향
[2020-07-21 15:16:01,885] I condition.py | Kiwoom-conditionNameListToConditionDataFrame-0017 I DEBUG    > 조건식 분리 번호: 5, 이름: 거래량급등주
[2020-07-21 15:16:01,951] I real.py | Kiwoom-requestRealCondition-0276 I DEBUG    > 조회 성공여부 1 
[2020-07-21 15:16:01,994] I tr.py | Kiwoom-receiveConditionStockTr-0165 I DEBUG    > 화면번호: 0156, 종목코드 리스트: 002720;002780;005160;034940;036890;042670;059090;100130;119500;238090;267320;284620;, 조건식 이름: 단타급등주, 조건식 인덱스: 0, 연속조회: 0
[2020-07-21 15:16:01,995] I tr.py | Kiwoom-receiveConditionStockTr-0168 I DEBUG    > 코드 종목 
 ['002720', '002780', '005160', '034940', '036890', '042670', '059090', '100130', '119500', '238090', '267320', '284620']
[2020-07-21 15:16:31,133] I real.py | Kiwoom-receiveConditionRealStock-0242 I DEBUG    > 종목코드: 017180, 이벤트종류: I, 조건식이름: 단타급등주, 조건명인덱스: 0
[2020-07-21 15:16:31,133] I real.py | Kiwoom-receiveConditionRealStock-0245 I DEBUG    > 종목코드: 017180, 종목편입: I
[2020-07-21 15:16:48,178] I order.py | Kiwoom-requestJijungMesuOrder-0021 I DEBUG    > 지정가 매수주문 전달 성공 종목코드: 017180 수량: 2 매수가격: 5970
[2020-07-21 15:16:48,257] I real.py | Kiwoom-receiveConditionRealStock-0242 I DEBUG    > 종목코드: 017180, 이벤트종류: D, 조건식이름: 단타급등주, 조건명인덱스: 0
[2020-07-21 15:16:48,257] I real.py | Kiwoom-receiveConditionRealStock-0249 I DEBUG    > 종목코드: 017180, 종목이탈: D
[2020-07-21 15:16:48,315] I slot.py | Kiwoom-receiveMsgSlot-0065 I DEBUG    > 스크린: 6000, 요청이름: 신규매수, tr코드: KOA_NORMAL_BUY_KP_ORD --- [00Z212] 모의투자 상하한가 오류
[2020-07-21 15:17:11,615] I real.py | Kiwoom-receiveConditionRealStock-0242 I DEBUG    > 종목코드: 010140, 이벤트종류: I, 조건식이름: 단타급등주, 조건명인덱스: 0
[2020-07-21 15:17:11,615] I real.py | Kiwoom-receiveConditionRealStock-0245 I DEBUG    > 종목코드: 010140, 종목편입: I
[2020-07-21 15:17:40,096] I order.py | Kiwoom-requestJijungMesuOrder-0021 I DEBUG    > 지정가 매수주문 전달 성공 종목코드: 010140 수량: 2 매수가격: 5970
[2020-07-21 15:18:04,034] I slot.py | Kiwoom-receiveLoginSlot-0042 I DEBUG    > 로그인 처리결과 ('OP_ERR_NONE', '정상처리')
[2020-07-21 15:18:04,035] I tr.py | Kiwoom-receiveAccountNum-0035 I DEBUG    > 계좌번호: 8138832611
[2020-07-21 15:18:04,079] I slot.py | Kiwoom-receiveMsgSlot-0065 I DEBUG    > 스크린: 1000, 요청이름: 예수금상세현황요청, tr코드: opw00001 --- [00Z310] 모의투자 조회가 완료되었습니다
[2020-07-21 15:18:04,080] I tr.py | Kiwoom-receiveDeposit-0045 I DEBUG    > 예수금 8059384
[2020-07-21 15:18:04,191] I slot.py | Kiwoom-receiveMsgSlot-0065 I DEBUG    > 스크린: 1000, 요청이름: 예수금상세현황요청, tr코드: opw00001 --- [00Z310] 모의투자 조회가 완료되었습니다
[2020-07-21 15:18:04,192] I tr.py | Kiwoom-receiveDeposit-0045 I DEBUG    > 예수금 8059384
[2020-07-21 15:18:04,577] I slot.py | Kiwoom-receiveMsgSlot-0065 I DEBUG    > 스크린: 1000, 요청이름: 계좌평가잔고내역요청, tr코드: opw00018 --- [00Z310] 모의투자 조회가 완료되었습니다
[2020-07-21 15:18:04,578] I tr.py | Kiwoom-receiveTotalBuyMoney-0055 I DEBUG    > 총매입금액: 0
[2020-07-21 15:18:04,578] I tr.py | Kiwoom-receiveTotalProfitLossMoney-0067 I DEBUG    > 총평가손익금액: 0
[2020-07-21 15:18:04,578] I tr.py | Kiwoom-receiveTotalProfitLossRate-0077 I DEBUG    > 총수익률: 0.0
[2020-07-21 15:18:05,581] I tr.py | Kiwoom-requestNotConcludedAccount-0227 I DEBUG    > 미체결 종목 요청
[2020-07-21 15:18:05,602] I slot.py | Kiwoom-receiveMsgSlot-0065 I DEBUG    > 스크린: , 요청이름: , tr코드:  ---  조회가 완료되었습니다.
[2020-07-21 15:18:05,768] I tr.py | Kiwoom-receiveConditionNameList-0157 I DEBUG    > 호출 성공 여부 1, 호출결과 메시지 [OK] 사용자 조건검색식 읽기
[2020-07-21 15:18:05,774] I tr.py | Kiwoom-receiveConditionNameList-0159 I DEBUG    > HTS의 조건검색식 이름 가져오기 000^단타급등주;001^이평선돌파급등주;002^눌림목돌파;003^거래량상위볼리저상향선하향돌파;004^거래량상위볼린저하한선상향;005^거래량급등주;
[2020-07-21 15:18:05,774] I condition.py | Kiwoom-conditionNameListToConditionDataFrame-0017 I DEBUG    > 조건식 분리 번호: 0, 이름: 단타급등주
[2020-07-21 15:18:05,777] I condition.py | Kiwoom-conditionNameListToConditionDataFrame-0017 I DEBUG    > 조건식 분리 번호: 1, 이름: 이평선돌파급등주
[2020-07-21 15:18:05,780] I condition.py | Kiwoom-conditionNameListToConditionDataFrame-0017 I DEBUG    > 조건식 분리 번호: 2, 이름: 눌림목돌파
[2020-07-21 15:18:05,782] I condition.py | Kiwoom-conditionNameListToConditionDataFrame-0017 I DEBUG    > 조건식 분리 번호: 3, 이름: 거래량상위볼리저상향선하향돌파
[2020-07-21 15:18:05,785] I condition.py | Kiwoom-conditionNameListToConditionDataFrame-0017 I DEBUG    > 조건식 분리 번호: 4, 이름: 거래량상위볼린저하한선상향
[2020-07-21 15:18:05,789] I condition.py | Kiwoom-conditionNameListToConditionDataFrame-0017 I DEBUG    > 조건식 분리 번호: 5, 이름: 거래량급등주
[2020-07-21 15:18:05,819] I real.py | Kiwoom-requestRealCondition-0276 I DEBUG    > 조회 성공여부 1 
[2020-07-21 15:18:05,863] I tr.py | Kiwoom-receiveConditionStockTr-0165 I DEBUG    > 화면번호: 0156, 종목코드 리스트: 002720;002780;005160;034940;036890;042670;059090;100130;119500;238090;267320;284620;, 조건식 이름: 단타급등주, 조건식 인덱스: 0, 연속조회: 0
[2020-07-21 15:18:05,863] I tr.py | Kiwoom-receiveConditionStockTr-0168 I DEBUG    > 코드 종목 
 ['002720', '002780', '005160', '034940', '036890', '042670', '059090', '100130', '119500', '238090', '267320', '284620']
[2020-07-21 15:18:30,043] I slot.py | Kiwoom-receiveLoginSlot-0042 I DEBUG    > 로그인 처리결과 ('OP_ERR_NONE', '정상처리')
[2020-07-21 15:18:30,044] I tr.py | Kiwoom-receiveAccountNum-0035 I DEBUG    > 계좌번호: 8138832611
[2020-07-21 15:18:30,108] I slot.py | Kiwoom-receiveMsgSlot-0065 I DEBUG    > 스크린: 1000, 요청이름: 예수금상세현황요청, tr코드: opw00001 --- [00Z310] 모의투자 조회가 완료되었습니다
[2020-07-21 15:18:30,109] I tr.py | Kiwoom-receiveDeposit-0045 I DEBUG    > 예수금 8059384
[2020-07-21 15:18:30,232] I slot.py | Kiwoom-receiveMsgSlot-0065 I DEBUG    > 스크린: 1000, 요청이름: 예수금상세현황요청, tr코드: opw00001 --- [00Z310] 모의투자 조회가 완료되었습니다
[2020-07-21 15:18:30,233] I tr.py | Kiwoom-receiveDeposit-0045 I DEBUG    > 예수금 8059384
[2020-07-21 15:18:31,785] I slot.py | Kiwoom-receiveMsgSlot-0065 I DEBUG    > 스크린: 1000, 요청이름: 계좌평가잔고내역요청, tr코드: opw00018 --- [00Z310] 모의투자 조회가 완료되었습니다
[2020-07-21 15:18:31,786] I tr.py | Kiwoom-receiveTotalBuyMoney-0055 I DEBUG    > 총매입금액: 0
[2020-07-21 15:18:31,786] I tr.py | Kiwoom-receiveTotalProfitLossMoney-0067 I DEBUG    > 총평가손익금액: 0
[2020-07-21 15:18:31,787] I tr.py | Kiwoom-receiveTotalProfitLossRate-0077 I DEBUG    > 총수익률: 0.0
[2020-07-21 15:18:32,789] I tr.py | Kiwoom-requestNotConcludedAccount-0227 I DEBUG    > 미체결 종목 요청
[2020-07-21 15:18:33,175] I slot.py | Kiwoom-receiveMsgSlot-0065 I DEBUG    > 스크린: , 요청이름: , tr코드:  ---  조회가 완료되었습니다.
[2020-07-21 15:18:33,896] I tr.py | Kiwoom-receiveConditionNameList-0157 I DEBUG    > 호출 성공 여부 1, 호출결과 메시지 [OK] 사용자 조건검색식 읽기
[2020-07-21 15:18:33,901] I tr.py | Kiwoom-receiveConditionNameList-0159 I DEBUG    > HTS의 조건검색식 이름 가져오기 000^단타급등주;001^이평선돌파급등주;002^눌림목돌파;003^거래량상위볼리저상향선하향돌파;004^거래량상위볼린저하한선상향;005^거래량급등주;
[2020-07-21 15:18:33,901] I condition.py | Kiwoom-conditionNameListToConditionDataFrame-0017 I DEBUG    > 조건식 분리 번호: 0, 이름: 단타급등주
[2020-07-21 15:18:33,903] I condition.py | Kiwoom-conditionNameListToConditionDataFrame-0017 I DEBUG    > 조건식 분리 번호: 1, 이름: 이평선돌파급등주
[2020-07-21 15:18:33,905] I condition.py | Kiwoom-conditionNameListToConditionDataFrame-0017 I DEBUG    > 조건식 분리 번호: 2, 이름: 눌림목돌파
[2020-07-21 15:18:33,908] I condition.py | Kiwoom-conditionNameListToConditionDataFrame-0017 I DEBUG    > 조건식 분리 번호: 3, 이름: 거래량상위볼리저상향선하향돌파
[2020-07-21 15:18:33,909] I condition.py | Kiwoom-conditionNameListToConditionDataFrame-0017 I DEBUG    > 조건식 분리 번호: 4, 이름: 거래량상위볼린저하한선상향
[2020-07-21 15:18:33,911] I condition.py | Kiwoom-conditionNameListToConditionDataFrame-0017 I DEBUG    > 조건식 분리 번호: 5, 이름: 거래량급등주
[2020-07-21 15:18:33,946] I real.py | Kiwoom-requestRealCondition-0276 I DEBUG    > 조회 성공여부 1 
[2020-07-21 15:18:34,005] I tr.py | Kiwoom-receiveConditionStockTr-0165 I DEBUG    > 화면번호: 0156, 종목코드 리스트: 002720;002780;005160;034940;036890;042670;059090;100130;119500;238090;267320;284620;, 조건식 이름: 단타급등주, 조건식 인덱스: 0, 연속조회: 0
[2020-07-21 15:18:34,005] I tr.py | Kiwoom-receiveConditionStockTr-0168 I DEBUG    > 코드 종목 
 ['002720', '002780', '005160', '034940', '036890', '042670', '059090', '100130', '119500', '238090', '267320', '284620']
[2020-07-21 15:18:57,070] I real.py | Kiwoom-receiveConditionRealStock-0242 I DEBUG    > 종목코드: 017180, 이벤트종류: I, 조건식이름: 단타급등주, 조건명인덱스: 0
[2020-07-21 15:18:57,070] I real.py | Kiwoom-receiveConditionRealStock-0245 I DEBUG    > 종목코드: 017180, 종목편입: I
[2020-07-21 15:18:57,477] I order.py | Kiwoom-requestJijungMesuOrder-0021 I DEBUG    > 지정가 매수주문 전달 성공 종목코드: 017180 수량: 2 매수가격: 5970
[2020-07-21 15:18:57,500] I slot.py | Kiwoom-receiveMsgSlot-0065 I DEBUG    > 스크린: 6000, 요청이름: 신규매수, tr코드: KOA_NORMAL_BUY_KP_ORD --- [00Z212] 모의투자 상하한가 오류
[2020-07-21 15:18:57,567] I real.py | Kiwoom-receiveConditionRealStock-0242 I DEBUG    > 종목코드: 010140, 이벤트종류: I, 조건식이름: 단타급등주, 조건명인덱스: 0
[2020-07-21 15:18:57,567] I real.py | Kiwoom-receiveConditionRealStock-0245 I DEBUG    > 종목코드: 010140, 종목편입: I
[2020-07-21 15:18:58,080] I order.py | Kiwoom-requestJijungMesuOrder-0021 I DEBUG    > 지정가 매수주문 전달 성공 종목코드: 010140 수량: 2 매수가격: 5980
[2020-07-21 15:18:58,209] I slot.py | Kiwoom-receiveMsgSlot-0065 I DEBUG    > 스크린: 6000, 요청이름: 신규매수, tr코드: KOA_NORMAL_BUY_KP_ORD --- [00Z212] 모의투자 상하한가 오류
[2020-07-21 15:19:02,072] I real.py | Kiwoom-receiveConditionRealStock-0242 I DEBUG    > 종목코드: 010140, 이벤트종류: D, 조건식이름: 단타급등주, 조건명인덱스: 0
[2020-07-21 15:19:02,072] I real.py | Kiwoom-receiveConditionRealStock-0249 I DEBUG    > 종목코드: 010140, 종목이탈: D
[2020-07-21 15:19:07,069] I real.py | Kiwoom-receiveConditionRealStock-0242 I DEBUG    > 종목코드: 017180, 이벤트종류: D, 조건식이름: 단타급등주, 조건명인덱스: 0
[2020-07-21 15:19:07,069] I real.py | Kiwoom-receiveConditionRealStock-0249 I DEBUG    > 종목코드: 017180, 종목이탈: D
[2020-07-21 15:19:12,567] I real.py | Kiwoom-receiveConditionRealStock-0242 I DEBUG    > 종목코드: 017180, 이벤트종류: I, 조건식이름: 단타급등주, 조건명인덱스: 0
[2020-07-21 15:19:12,567] I real.py | Kiwoom-receiveConditionRealStock-0245 I DEBUG    > 종목코드: 017180, 종목편입: I
[2020-07-21 15:19:17,238] I real.py | Kiwoom-receiveConditionRealStock-0242 I DEBUG    > 종목코드: 017180, 이벤트종류: D, 조건식이름: 단타급등주, 조건명인덱스: 0
[2020-07-21 15:19:17,238] I real.py | Kiwoom-receiveConditionRealStock-0249 I DEBUG    > 종목코드: 017180, 종목이탈: D
[2020-07-21 15:19:21,711] I real.py | Kiwoom-receiveConditionRealStock-0242 I DEBUG    > 종목코드: 017180, 이벤트종류: I, 조건식이름: 단타급등주, 조건명인덱스: 0
[2020-07-21 15:19:21,711] I real.py | Kiwoom-receiveConditionRealStock-0245 I DEBUG    > 종목코드: 017180, 종목편입: I
[2020-07-21 15:19:28,175] I real.py | Kiwoom-receiveConditionRealStock-0242 I DEBUG    > 종목코드: 017180, 이벤트종류: D, 조건식이름: 단타급등주, 조건명인덱스: 0
[2020-07-21 15:19:28,175] I real.py | Kiwoom-receiveConditionRealStock-0249 I DEBUG    > 종목코드: 017180, 종목이탈: D
[2020-07-21 15:19:35,665] I real.py | Kiwoom-receiveConditionRealStock-0242 I DEBUG    > 종목코드: 267320, 이벤트종류: D, 조건식이름: 단타급등주, 조건명인덱스: 0
[2020-07-21 15:19:35,665] I real.py | Kiwoom-receiveConditionRealStock-0249 I DEBUG    > 종목코드: 267320, 종목이탈: D
[2020-07-21 15:19:36,672] I real.py | Kiwoom-receiveConditionRealStock-0242 I DEBUG    > 종목코드: 267320, 이벤트종류: I, 조건식이름: 단타급등주, 조건명인덱스: 0
[2020-07-21 15:19:36,672] I real.py | Kiwoom-receiveConditionRealStock-0245 I DEBUG    > 종목코드: 267320, 종목편입: I
[2020-07-21 15:19:37,176] I real.py | Kiwoom-receiveConditionRealStock-0242 I DEBUG    > 종목코드: 017180, 이벤트종류: I, 조건식이름: 단타급등주, 조건명인덱스: 0
[2020-07-21 15:19:37,176] I real.py | Kiwoom-receiveConditionRealStock-0245 I DEBUG    > 종목코드: 017180, 종목편입: I
[2020-07-21 15:19:37,576] I order.py | Kiwoom-requestJijungMesuOrder-0021 I DEBUG    > 지정가 매수주문 전달 성공 종목코드: 267320 수량: 2 매수가격: 2650
[2020-07-21 15:19:37,609] I slot.py | Kiwoom-receiveMsgSlot-0065 I DEBUG    > 스크린: 6000, 요청이름: 신규매수, tr코드: KOA_NORMAL_BUY_KP_ORD --- [00Z212] 모의투자 상하한가 오류
[2020-07-21 15:19:43,673] I real.py | Kiwoom-receiveConditionRealStock-0242 I DEBUG    > 종목코드: 017180, 이벤트종류: D, 조건식이름: 단타급등주, 조건명인덱스: 0
[2020-07-21 15:19:43,673] I real.py | Kiwoom-receiveConditionRealStock-0249 I DEBUG    > 종목코드: 017180, 종목이탈: D
[2020-07-21 15:19:57,170] I real.py | Kiwoom-receiveConditionRealStock-0242 I DEBUG    > 종목코드: 017180, 이벤트종류: I, 조건식이름: 단타급등주, 조건명인덱스: 0
[2020-07-21 15:19:57,170] I real.py | Kiwoom-receiveConditionRealStock-0245 I DEBUG    > 종목코드: 017180, 종목편입: I
[2020-07-21 15:19:59,169] I marketmaking.py | Kiwoom-receiveRealdataSlot-0071 I DEBUG    > 장 종료후 동시호가
