[2020-08-06 08:00:24,287] I default.py | Kiwoom-receiveOnEvent-0043 I DEBUG    > 로그인 처리결과 ('OP_ERR_NONE', '정상처리')
[2020-08-06 08:00:24,290] I tr.py | Kiwoom-receive-0040 I DEBUG    > 계좌번호: 8141454311
[2020-08-06 08:00:24,342] I tr.py | Kiwoom-receive-0053 I DEBUG    > 예수금 4140164
[2020-08-06 08:00:24,411] I tr.py | Kiwoom-receive-0065 I DEBUG    > 총매입금액: 852730
[2020-08-06 08:00:24,411] I tr.py | Kiwoom-receive-0077 I DEBUG    > 총평가손익금액: 59300
[2020-08-06 08:00:24,412] I tr.py | Kiwoom-receive-0089 I DEBUG    > 총수익률: 6.95
[2020-08-06 08:00:24,413] I tr.py | Kiwoom-receive-0120 I DEBUG    > 종목코드: 000990 - 종목명: DB하이텍 - 보유수량: 4 - 매입금액:140900
[2020-08-06 08:00:24,413] I mystockdata.py | Kiwoom-appendData-0015 I DEBUG    > 종목코드: 000990 - 종목명: DB하이텍 - 보유수량: 4 - 매입금액:140900
[2020-08-06 08:00:24,429] I tr.py | Kiwoom-receive-0120 I DEBUG    > 종목코드: 009180 - 종목명: 한솔로지스틱스 - 보유수량: 2 - 매입금액:3940
[2020-08-06 08:00:24,429] I mystockdata.py | Kiwoom-appendData-0015 I DEBUG    > 종목코드: 009180 - 종목명: 한솔로지스틱스 - 보유수량: 2 - 매입금액:3940
[2020-08-06 08:00:24,439] I tr.py | Kiwoom-receive-0120 I DEBUG    > 종목코드: 027050 - 종목명: 코리아나 - 보유수량: 2 - 매입금액:9930
[2020-08-06 08:00:24,440] I mystockdata.py | Kiwoom-appendData-0015 I DEBUG    > 종목코드: 027050 - 종목명: 코리아나 - 보유수량: 2 - 매입금액:9930
[2020-08-06 08:00:24,454] I tr.py | Kiwoom-receive-0120 I DEBUG    > 종목코드: 035720 - 종목명: 카카오 - 보유수량: 2 - 매입금액:671000
[2020-08-06 08:00:24,455] I mystockdata.py | Kiwoom-appendData-0015 I DEBUG    > 종목코드: 035720 - 종목명: 카카오 - 보유수량: 2 - 매입금액:671000
[2020-08-06 08:00:24,470] I tr.py | Kiwoom-receive-0120 I DEBUG    > 종목코드: 050890 - 종목명: 쏠리드 - 보유수량: 2 - 매입금액:16340
[2020-08-06 08:00:24,471] I mystockdata.py | Kiwoom-appendData-0015 I DEBUG    > 종목코드: 050890 - 종목명: 쏠리드 - 보유수량: 2 - 매입금액:16340
[2020-08-06 08:00:24,486] I tr.py | Kiwoom-receive-0120 I DEBUG    > 종목코드: 094820 - 종목명: 일진파워 - 보유수량: 2 - 매입금액:10620
[2020-08-06 08:00:24,486] I mystockdata.py | Kiwoom-appendData-0015 I DEBUG    > 종목코드: 094820 - 종목명: 일진파워 - 보유수량: 2 - 매입금액:10620
[2020-08-06 08:00:24,500] I tr.py | Kiwoom-request-0251 I DEBUG    > 미체결 종목 요청
[2020-08-06 08:00:24,844] I tr.py | Kiwoom-receive-0168 I DEBUG    > 호출 성공 여부 1, 호출결과 메시지 [OK] 사용자 조건검색식 읽기
[2020-08-06 08:00:24,850] I tr.py | Kiwoom-receive-0170 I DEBUG    > HTS의 조건검색식 이름 가져오기 000^단타급등주;001^이평선돌파급등주;002^눌림목돌파;003^거래량상위볼리저상향선하향돌파;004^거래량상위볼린저하한선상향;005^거래량급등주;
[2020-08-07 05:05:08,454] I default.py | Kiwoom-receiveOnEvent-0043 I DEBUG    > 로그인 처리결과 ('OP_ERR_SOCKET_CLOSED', '통신연결종료')
